1.835034190722738545e-01
1.355927265066935172e-01
1.087608656985772360e-01
9.120501044571394100e-02
7.869934688427238090e-02
6.928811136026569173e-02
6.192519633550175318e-02
5.599489797716761252e-02
5.110903775502817492e-02
4.700977665264116645e-02
4.351866502052192942e-02
4.050801608423926226e-02
3.788391071509256136e-02
3.557564271060342787e-02
3.352891289412940345e-02
3.170129839416857553e-02
3.005915270874082168e-02
2.857543354339375785e-02
2.722814854129262940e-02
2.599922231759677071e-02
2.487365681431030762e-02
2.383889971588137868e-02
2.288436294567475215e-02
2.200105107644056979e-02
2.118127135661995730e-02
2.041840510866177461e-02
1.970672581335830564e-02
1.904125308845483477e-02
1.841763453698319619e-02
1.783204943275251697e-02
1.728112966167094644e-02
1.676189440669506592e-02
1.627169586002163992e-02
1.580817384426991268e-02
1.536921767805721206e-02
1.495293396834918020e-02
1.455761927950094403e-02
1.418173683672618868e-02
1.382389658431593116e-02
1.348283804697070209e-02
1.315741554410454484e-02
1.284658538788596704e-02
1.254939476067840065e-02
1.226497201984977359e-02
1.199251822031477399e-02
1.173129967970076848e-02
1.148064143927329805e-02
1.123992149697350396e-02
1.100856570807251522e-02
1.078604326484478015e-02
1.057186267984899786e-02
1.036556820846057381e-02
1.016673665552880745e-02
9.974974518823120917e-03
9.789915428481066328e-03
9.611217847238506806e-03
9.438563000927713276e-03
9.271653012758895862e-03
9.110209218316733804e-03
8.953970641158770505e-03
8.802692611408091672e-03
8.656145511924284719e-03
8.514113638491749292e-03
8.376394162105338381e-03
8.242796182823974860e-03
8.113139865901675130e-03
7.987255651949243251e-03
7.864983533834690732e-03
7.746172393822581270e-03
7.630679395173478596e-03
7.518369423053172795e-03
7.409114570146480006e-03
7.302793662855133761e-03
7.199291824395381845e-03
7.098500071477609197e-03
7.000314941597474139e-03
6.904638148258923636e-03
6.811376261715129665e-03
6.720440413049644235e-03
6.631746019632456246e-03
6.460763187720597323e-03
6.378324809265034645e-03
6.297827580417081350e-03
6.219204864151506307e-03
6.142393022402825586e-03
6.067331249544838379e-03
5.922227927033230088e-03
5.852077578288428228e-03
5.783459436840665546e-03
5.716324717654264198e-03
5.586320485207130204e-03
5.523363172679762734e-03
5.461713492753483834e-03
5.342180248645300722e-03
5.284222146035633116e-03
5.227422449549989913e-03
5.117164581467048556e-03
5.063642725726680283e-03
4.959662833164957263e-03
4.909147982338324390e-03
4.810934140590084063e-03
4.763184306167955739e-03
4.670278416584849879e-03
4.625076726392673976e-03
4.537067642159220426e-03
4.494219173187263827e-03
4.410736851171437323e-03
4.330084805244660551e-03
4.290776433709564408e-03
4.214112507917255890e-03
4.139948450483155185e-03
4.103766750191750745e-03
4.033133781529030237e-03
3.964719415441742001e-03
3.898422872651741145e-03
3.834149337443970573e-03
3.802743091080307281e-03
3.741338276533112683e-03
3.681742769326867837e-03
3.623879450580513861e-03
3.567675485560029003e-03
3.513062031434754928e-03
3.459973968587881643e-03
3.408349653295728032e-03
3.358130689823490833e-03
3.309261720183753752e-03
3.261690229979352651e-03
3.192657408444210532e-03
3.148116943847534266e-03
3.104710078055572531e-03
3.062395055022926194e-03
3.021132125256009715e-03
2.961128072441199244e-03
2.922333592409342984e-03
2.884466245507422144e-03
2.829333837759961945e-03
2.793647148665479030e-03
2.741647967402616182e-03
2.707962972828159565e-03
2.658843190820436853e-03
2.626999807218588501e-03
2.580532037065985662e-03
2.535556061482813206e-03
2.506366601374931946e-03
2.463725664908378299e-03
2.422401573013654996e-03
2.382335715431005418e-03
2.343472872944785124e-03
2.318206817231382999e-03
2.281234747420479714e-03
2.245333254238257581e-03
2.210457642069729722e-03
2.176565642290739788e-03
2.143617251659124534e-03
2.101088704850151423e-03
2.070198133726774969e-03
2.040132361322832821e-03
2.010859621210392412e-03
1.982349739225841567e-03
1.945473865149760506e-03
1.918634866281854201e-03
1.883891520417457777e-03
1.858584226034465381e-03
1.825798084367891150e-03
1.801898190096573593e-03
1.770912427626281094e-03
1.740891338325112336e-03
1.718982506612398709e-03
1.690547171217859912e-03
1.662963652514615198e-03
1.636195238111093353e-03
1.610207270310581862e-03
1.584967005267778895e-03
1.560443483529794229e-03
1.536607410903445547e-03
1.513431048707603033e-03
1.485348401970232324e-03
1.463562350808245149e-03
1.442355430490871449e-03
1.416627517930257874e-03
1.396644265665214490e-03
1.372381592065985423e-03
1.353521766979670637e-03
1.330605830025977099e-03
1.308391465970726308e-03
1.291104309980251053e-03
1.270076200612035855e-03
1.249667613780425235e-03
1.229852317779833726e-03
1.210605522230290276e-03
1.191903781120218220e-03
1.170150002298475655e-03
1.152570914906725363e-03
1.135469892947993387e-03
1.115553455199869148e-03
1.099439696750637019e-03
1.080658150190205724e-03
1.062456326445526678e-03
1.047712408207668311e-03
1.030507767239230432e-03
1.013813831055476733e-03
9.976088313152775555e-04
9.818722029257820338e-04
9.665845026601838086e-04
9.517273342628529420e-04
9.349149291364433623e-04
9.209320418849253898e-04
9.050959254154333777e-04
8.919144254054822696e-04
8.769742481733455719e-04
8.624862326535032153e-04
8.484307439381444382e-04
8.347892521098909668e-04
8.215442561917418729e-04
8.086792142639742664e-04
7.961784791720161181e-04
7.823190506591748417e-04
7.705500967281064817e-04
7.574913556294138317e-04
7.463935091271967082e-04
7.340699183973065090e-04
7.221140185789121091e-04
7.105100733143521197e-04
6.992432188916986036e-04
6.882994050693147514e-04
6.763572277687091017e-04
6.660566250255017806e-04
6.548071132420618667e-04
6.450962007560345768e-04
6.344824582286134884e-04
6.241843389462875535e-04
6.141883835326655827e-04
6.044818761347103830e-04
5.940217433447747553e-04
5.848875969846067946e-04
5.750361390086666802e-04
5.664265879795626901e-04
5.571336617293809468e-04
5.481163749255779649e-04
5.393630056967912978e-04
5.300259230420767409e-04
5.217914450378335900e-04
5.130005305737928012e-04
5.052414250299452902e-04
4.969514637603866802e-04
4.889074947214133715e-04
4.810990543594462210e-04
4.728377717934106883e-04
4.654904816584481964e-04
4.577106631749039423e-04
4.501660008959795789e-04
4.434479292740878265e-04
4.357419743091783815e-04
4.288439132933419273e-04
4.221435399694994928e-04
4.150984760867837409e-04
4.082661370026219316e-04
4.016373193006517184e-04
3.952033349607919632e-04
3.889559760951177836e-04
3.824278707552641876e-04
3.760980615857834053e-04
3.703903871934421943e-04
3.639993006219199856e-04
3.582145147883464276e-04
3.525962928847548028e-04
3.467538007286830037e-04
3.410866403814605263e-04
3.355872730637088353e-04
3.302485795204646024e-04
3.247234973874357777e-04
3.193658666319487693e-04
3.141684170497871520e-04
3.091242868888954831e-04
3.042269948182463324e-04
2.991776659342360034e-04
2.942802508468789213e-04
2.895282016494027388e-04
2.849153356578870699e-04
2.801763419266745103e-04
2.755802931617701290e-04
2.711210123896856672e-04
2.667926680175458642e-04
2.623598264184234807e-04
2.580606200247581583e-04
2.538892773353840226e-04
2.498403493712553214e-04
2.457049129972466162e-04
2.416937442989430807e-04
2.378014933347438742e-04
2.340231081835453253e-04
2.301731316000088512e-04
2.264382111901719341e-04
2.228134202343357018e-04
2.191290735821249669e-04
2.155554377795132481e-04
2.120877463830384002e-04
2.085708276978737175e-04
2.051599320213037814e-04
2.018504799762288471e-04
1.986381480869603422e-04
1.953852796836574868e-04
1.922293304781330647e-04
1.890404852358251730e-04
1.859479016973475396e-04
1.829474162852173791e-04
1.799203863425136163e-04
1.770958262854449572e-04
1.741359627038807645e-04
1.713709158368548202e-04
1.685841773669816135e-04
1.657814112864253175e-04
1.630635553938608595e-04
1.604269236255007058e-04
1.578680369243024018e-04
1.552962170766614136e-04
1.528008226469035336e-04
1.502963405373147765e-04
1.478667605711025956e-04
1.454314743326579062e-04
1.430693961745888032e-04
1.407773716889382243e-04
1.384817343379474153e-04
1.361859447742697071e-04
1.340261478283144569e-04
1.317999136256631232e-04
1.297038062897382105e-04
1.276079182663814038e-04
1.255150568707508185e-04
1.234849706427398885e-04
1.214595310130572869e-04
1.194948775786741635e-04
1.175883946866740359e-04
1.156869739703525468e-04
1.137927502954383385e-04
1.119553296738962089e-04
1.101260595803843501e-04
1.083515573603310855e-04
1.065859846187677817e-04
1.048731567155902766e-04
1.031698832153482570e-04
1.015173536774716112e-04
9.987486808304968378e-05
9.824378779632603198e-05
9.666160362975517728e-05
9.509104679716884334e-05
9.356735961707496330e-05
9.205543209156452633e-05
9.055629840992729385e-05
8.910203985545983585e-05
8.766051158515253405e-05
8.623257304163356451e-05
8.484742509728970816e-05
8.347564645516669657e-05
8.211794580159637036e-05
8.080090461570765825e-05
7.949759822445390256e-05
7.820860621232661458e-05
7.695813181562982663e-05
7.572153514667778751e-05
7.449928597003108166e-05
7.329180377757538167e-05
7.212043333360007580e-05
7.096326555744436604e-05
6.982063369209701165e-05
6.869282938881671186e-05
6.759868291328352541e-05
6.650069142299930292e-05
6.543566906558329066e-05
6.438522917961986280e-05
6.334953102005158598e-05
6.234466574928099192e-05
6.133832908961078800e-05
6.036207334025878168e-05
5.938544890693453482e-05
5.843810487315970192e-05
5.750506016011236454e-05
5.658633464189488649e-05
5.566902100018200628e-05
5.477930084341053885e-05
5.390383407333221299e-05
5.304256921323524665e-05
5.219544005274912024e-05
5.136236680158834389e-05
5.054325718933938560e-05
4.973800751117973817e-05
4.894650361919605785e-05
4.816862186285408853e-05
4.740422997828730445e-05
4.664394226183699033e-05
4.590637748869141888e-05
4.517315161545187863e-05
4.445332621327846567e-05
4.374671331230928217e-05
4.305312166019703568e-05
4.237235727577726152e-05
4.169674632270581327e-05
4.103401357191671650e-05
4.038393819261187900e-05
3.974629939917928567e-05
3.911425339320206973e-05
3.849459761673390545e-05
3.788709397145595403e-05
3.728545914827297025e-05
3.669586625054677143e-05
3.611806625980484853e-05
3.554629174762347077e-05
3.498615032049290363e-05
3.443738736863544148e-05
3.389470949810569067e-05
3.335832058259935451e-05
3.283314754420896264e-05
3.231892504629296781e-05
3.181092564741305750e-05
3.130929366634838118e-05
3.081835967244650476e-05
3.033377605354825590e-05
2.985960351686856029e-05
2.939173495419833415e-05
2.893025282124650488e-05
2.847884022527669146e-05
2.803021462816079890e-05
2.759494936133144449e-05
2.716256303425534924e-05
2.673659170226994064e-05
2.632016105730272670e-05
2.590998717111325789e-05
2.550607784268521527e-05
2.510843220804304110e-05
2.471979531437629163e-05
2.433456073680506648e-05
2.395554364187368890e-05
2.358522979006849596e-05
2.321847748754102270e-05
2.285783839883759327e-05
2.250326642849742598e-05
2.215471096256305117e-05
2.181211727925180810e-05
2.147542693620163590e-05
2.114457813851000623e-05
2.081752954130600131e-05
2.049630723754969353e-05
2.018083585342278496e-05
1.986923249353012011e-05
1.956333082486771957e-05
1.926304551680413368e-05
1.896664062772668302e-05
1.867577632241879115e-05
1.838880709925660994e-05
1.810728561479901799e-05
1.782965245733514337e-05
1.755736002140295682e-05
1.728893076913262661e-05
1.702438719253240862e-05
1.676504196568284755e-05
1.650827271504340388e-05
1.625664083049205288e-05
1.601003638829201492e-05
1.576605105391148953e-05
1.552589802089610060e-05
1.529064781979894150e-05
1.505913713306661350e-05
1.483032874927125988e-05
1.460627184135532275e-05
1.438493086103331819e-05
1.416729609349243191e-05
1.395333525711084377e-05
1.374301369294617103e-05
1.353544254578675776e-05
1.333148532955963361e-05
1.313109923717359351e-05
1.293346117803295670e-05
1.273935027679140575e-05
1.254871774902799331e-05
1.236008988381165352e-05
1.217561503241704202e-05
1.199316521915960720e-05
1.181410727035814290e-05
1.163775203205652531e-05
1.146409777474932667e-05
1.129313943637466622e-05
1.112544650794244916e-05
1.095983569210368103e-05
1.079688849159321506e-05
1.063658881850226834e-05
1.047891835759262591e-05
1.032385675769909028e-05
1.017138181080845527e-05
1.002100075209177987e-05
9.873184487640962459e-06
9.727463194386665180e-06
9.584275243779138975e-06
9.443172898304652563e-06
9.304564350776090009e-06
9.168023097250177500e-06
9.033548624359788448e-06
8.901507408509701236e-06
8.771143951702420338e-06
8.642831244243254218e-06
8.516897569976755733e-06
8.392645178267876815e-06
8.270408906718706987e-06
8.150173722354381312e-06
8.031923139584229432e-06
7.915347815856677016e-06
7.800454244422105887e-06
7.687521069166258769e-06
7.576525721253446477e-06
7.467185836884659977e-06
7.359499915038369977e-06
7.253464471501658295e-06
7.149074185863746322e-06
7.046322038628538564e-06
6.945199443664229477e-06
6.845696373547482949e-06
6.747590868161346123e-06
6.651093210519043453e-06
6.556189186102123756e-06
6.462670811391291181e-06
6.370538775168910206e-06
6.279973723599674429e-06
6.190780586279309716e-06
6.102955510511876014e-06
6.016326798419235899e-06
5.931225444566479155e-06
5.847472230646744151e-06
5.764905810390352769e-06
5.683677346435267452e-06
5.603631807571396450e-06
5.524908977649900521e-06
5.447360024168901305e-06
5.370982665175993986e-06
5.295773316316143564e-06
5.221727189086422527e-06
5.148717865943730487e-06
5.076982930729556642e-06
5.006276756591709898e-06
4.936710838121527445e-06
4.868168155924834650e-06
4.800647458891305064e-06
4.734146311857756473e-06
4.668661185203148989e-06
4.604282943354576219e-06
4.540812554520989863e-06
4.478251903305974224e-06
4.416689037722854039e-06
4.356030964824952889e-06
4.296358744326767010e-06
4.237582725608035616e-06
4.179621903577235287e-06
4.122554506102993344e-06
4.066375472122629731e-06
4.011079003385376041e-06
3.956589329279225353e-06
3.902905292507696799e-06
3.850024826057563132e-06
3.797945018924053784e-06
3.746662180947879506e-06
3.696111946283053840e-06
3.646352618846826488e-06
3.597321783010976048e-06
3.549072873587633126e-06
3.501492041202425298e-06
3.454632824473335972e-06
3.408491503931188049e-06
3.363014754897974967e-06
3.318201848845347968e-06
3.274097546523968560e-06
3.230605846282763594e-06
3.187771503210257151e-06
3.145591072617470729e-06
3.104019329791540827e-06
3.063055266983027991e-06
3.022697208643343458e-06
2.982942860163539933e-06
2.943789355946968556e-06
2.905197582170337967e-06
2.867166684183963810e-06
2.829695187944736290e-06
2.792781046312420301e-06
2.756389821056970391e-06
2.720552099599871099e-06
2.685234195443086946e-06
2.650434641648935497e-06
2.616123024434813260e-06
2.582326895095299335e-06
2.549016417718874550e-06
2.516216559556028187e-06
2.483847389989080057e-06
2.451985106177723139e-06
2.420577113970701078e-06
2.389599204177805802e-06
2.359097229676088148e-06
2.329023376934635792e-06
2.299377246606226777e-06
2.270157956396623433e-06
2.241364176702731470e-06
2.212994163364179201e-06
2.185007570987274050e-06
2.157442266503828421e-06
2.130259233346087910e-06
2.103475852721636841e-06
2.077055901272828464e-06
2.051033009209390912e-06
2.025372115133095008e-06
2.000072843011402313e-06
1.975134416132284798e-06
1.950540853501436800e-06
1.926306314681269782e-06
1.902414931143070476e-06
1.878852090686500276e-06
1.855630872626967687e-06
1.832736731599560187e-06
1.810156260662054706e-06
1.787901497518618044e-06
1.765947210352614150e-06
1.744305094586451332e-06
1.722974001139299105e-06
1.701930687825203847e-06
1.681185861857059649e-06
1.660728095487229439e-06
1.640556855253549884e-06
1.620661553736191252e-06
1.601041888177334727e-06
1.581697256169967147e-06
1.562617801376120497e-06
1.543803123005282885e-06
1.525244049171980976e-06
1.506948600127344662e-06
1.488899506130181294e-06
1.471096665150994909e-06
1.453539699047823319e-06
1.436220573802771128e-06
1.419139019853687955e-06
1.402294512398150061e-06
1.385672669274029545e-06
1.369286872776598329e-06
1.353116571678469882e-06
1.337161940617725975e-06
1.321428998224405404e-06
1.305910990012648654e-06
1.290595827985185906e-06
1.275494950880862177e-06
1.260590992924193188e-06
1.245889467926808436e-06
1.231384723743289555e-06
1.217076507686876141e-06
1.202954556522861651e-06
1.189028556058957520e-06
1.175283730558973616e-06
1.161720194042814569e-06
1.148337847478586582e-06
1.135136396990255037e-06
1.122107033957320255e-06
1.109249779140952796e-06
1.096564458569204703e-06
1.084046878818689663e-06
1.071689351150872938e-06
1.059499361466542666e-06
1.047465726156104893e-06
1.035592028131304687e-06
1.023874592331885935e-06
1.012306679148977651e-06
1.000891620472899035e-06
9.896260454445027221e-07
9.785067615064590996e-07
9.675307426348922490e-07
9.566979738417913381e-07
9.460027237118140420e-07
9.354478210932271054e-07
9.250277459571520922e-07
9.147425275024545499e-07
9.045895477122201100e-07
8.945663129145131620e-07
8.846728114519919473e-07
8.749042820221930583e-07
8.652608048942411756e-07
8.557401337538905750e-07
8.463401193203878847e-07
8.370607763596993323e-07
8.278979515274897949e-07
8.188497567784835951e-07
8.099182055021358906e-07
8.010975255379193527e-07
7.923896758743609325e-07
7.837892256334910712e-07
7.752980701880574088e-07
7.669127696230404467e-07
7.586333857778626566e-07
7.504550930681475052e-07
7.423796478667199494e-07
7.344055058533527358e-07
7.265297023995032077e-07
7.187523340945745076e-07
7.110692037404220400e-07
7.034832346652919455e-07
6.959890158642068059e-07
6.885880337037519894e-07
6.812777638698364058e-07
6.740570659413691601e-07
6.669248256985227385e-07
6.598799507928632124e-07
6.529202395411104476e-07
6.460458326085216640e-07
6.392546219036177035e-07
6.325467220014147074e-07
6.259190941104719741e-07
6.193728969705603049e-07
6.129042539049223137e-07
6.065143154376784196e-07
6.002012840067294519e-07
5.939634648566283204e-07
5.878010053139703928e-07
5.817122646911698780e-07
5.756956925617728871e-07
5.697514402491776764e-07
5.638779989602937803e-07
5.580739422805791605e-07
5.523386664707530258e-07
5.466715630175755791e-07
5.410713085352014673e-07
5.355373388082895758e-07
5.300677348163418401e-07
5.246633363320540866e-07
5.193216350285467797e-07
5.140428100958160940e-07
5.088257472030122130e-07
5.036699771698849304e-07
4.985738631946290411e-07
4.935370024883312112e-07
4.885584274916254799e-07
4.836377491823640185e-07
4.787740408573881723e-07
4.739664147823674512e-07
4.692140197493088749e-07
4.645165218031266363e-07
4.598730986016263955e-07
4.552824985903924926e-07
4.507448920776369050e-07
4.462586353781716753e-07
4.418239055725692310e-07
4.374395694561883374e-07
4.331049647809948056e-07
4.288194503931919144e-07
4.245827900373200237e-07
4.203935991542451234e-07
4.162520537143166166e-07
4.121568403236963718e-07
4.081077796813659120e-07
4.041043288882661955e-07
4.001456280766646501e-07
3.962311845295829471e-07
3.923605158551168870e-07
3.885328410113686459e-07
3.847477184626413305e-07
3.810047134455984974e-07
3.773031116427461029e-07
3.736425125966391647e-07
3.700225180702787497e-07
3.664422061344652093e-07
3.629014846406874994e-07
