1.732050807568877193e+00
1.844584573943240935e+00
1.931927724540502433e+00
2.004457812754089296e+00
2.066928435357141769e+00
2.122022177017210964e+00
2.171432551377368458e+00
2.216308780124846223e+00
2.257471695141612944e+00
2.295530588401000660e+00
2.330951578656934586e+00
2.364100045462590671e+00
2.395268222886830500e+00
2.424693834304828766e+00
2.452573078176761179e+00
2.479069920468271793e+00
2.504322897097136291e+00
2.528450192863134660e+00
2.551553499734413144e+00
2.573720993064194218e+00
2.595029658933955652e+00
2.615547136511374493e+00
2.635333192697271176e+00
2.654440914351744674e+00
2.672917681045286376e+00
2.690805965413988421e+00
2.708143996762583772e+00
2.724966315204772282e+00
2.741304237450356673e+00
2.757186250724428245e+00
2.772638347806615222e+00
2.787684313507389433e+00
2.802345970839585920e+00
2.816643393542733520e+00
2.830595090363476452e+00
2.844218165505036922e+00
2.857528458871179122e+00
2.870540669099843623e+00
2.883268461873936150e+00
2.895724565585418020e+00
2.907920856093740181e+00
2.919868432045126028e+00
2.931577681993291939e+00
2.943058344375251600e+00
2.954319561240580594e+00
2.965369926502908093e+00
2.976217529373811566e+00
2.986869993547940361e+00
2.997334512631040226e+00
3.007617882237187956e+00
3.017726529125924095e+00
3.027666537702568217e+00
3.037443674164356455e+00
3.047063408540219509e+00
3.056530934841967362e+00
3.065851189518757902e+00
3.075028868384249048e+00
3.084068442166385982e+00
3.092974170812784696e+00
3.101750116669906188e+00
3.110400156641257574e+00
3.118927993418532552e+00
3.127337165869632507e+00
3.135631058658755688e+00
3.143812911165984048e+00
3.151885825767000604e+00
3.159852775527467461e+00
3.167716611361279355e+00
3.175480068697092761e+00
3.183145773693297542e+00
3.190716249037817143e+00
3.198193919365722948e+00
3.205581116324626834e+00
3.212880083315099000e+00
3.220092979930931687e+00
3.227221886121857786e+00
3.234268806099388716e+00
3.241235672004638246e+00
3.248124347355407338e+00
3.254936630288348010e+00
3.268338902675066659e+00
3.274932188089021423e+00
3.281455678271569365e+00
3.287910886866073135e+00
3.294299278019662491e+00
3.300622268537799275e+00
3.313077490299429329e+00
3.319212336247786332e+00
3.325287014527852136e+00
3.331302733723768839e+00
3.343161947579933457e+00
3.349007682148128939e+00
3.354798940185567790e+00
3.366222154918207643e+00
3.371856102062724236e+00
3.377439555816626804e+00
3.388458663496912049e+00
3.393896094408063391e+00
3.404630972910402065e+00
3.409930057170134088e+00
3.420395446172645126e+00
3.425563261777873514e+00
3.435772767480754553e+00
3.440815855307117754e+00
3.450782064665708582e+00
3.455706481900882032e+00
3.465441062748405354e+00
3.475027293016217378e+00
3.479766218916989118e+00
3.489138459015355131e+00
3.498373424309123347e+00
3.502940711395104323e+00
3.511977358804362126e+00
3.520886596017466008e+00
3.529672069255815892e+00
3.538337268317094164e+00
3.542625815022237390e+00
3.551116825738099614e+00
3.559495659240314414e+00
3.567765323883071105e+00
3.575928707009205620e+00
3.583988581404608187e+00
3.591947611325785328e+00
3.599808358134139574e+00
3.607573285567465149e+00
3.615244764676436962e+00
3.622825078451409553e+00
3.634029403131989078e+00
3.641391252208381779e+00
3.648669293260425661e+00
3.655865463054530640e+00
3.662981631147498529e+00
3.673509812697957955e+00
3.680433742255529328e+00
3.687283727432760561e+00
3.697423551684477783e+00
3.704095575409819929e+00
3.713975514482961149e+00
3.720478811679232667e+00
3.730112173054869640e+00
3.736455269848963034e+00
3.745854352874213866e+00
3.755118391006213141e+00
3.761221333681585399e+00
3.770268920478574870e+00
3.779191538752815216e+00
3.787992674882134647e+00
3.796675669705236178e+00
3.802400286188289513e+00
3.810893432884333354e+00
3.819276695100856767e+00
3.827552944806229540e+00
3.835724941584504055e+00
3.843795338462168587e+00
3.854402220150065617e+00
3.862245309502494894e+00
3.869994940260016669e+00
3.877653362454441588e+00
3.885222744960818986e+00
3.895180353227482684e+00
3.902549983709198145e+00
3.912248383839178612e+00
3.919428749924017019e+00
3.928881369492366549e+00
3.935882145874398663e+00
3.945101385224913049e+00
3.954192472333228459e+00
3.960928851078824753e+00
3.969804211627852908e+00
3.978560927349641396e+00
3.987202192044195570e+00
3.995731070997217138e+00
4.004150507824603800e+00
4.012463330865464251e+00
4.020672259159029593e+00
4.028779908037628310e+00
4.038775870268109358e+00
4.046664700659009739e+00
4.054460096361624188e+00
4.064076336900860120e+00
4.071669534253551603e+00
4.081039659509273498e+00
4.088441070082527773e+00
4.097577587555234047e+00
4.106589378217357478e+00
4.113711311092451695e+00
4.122507119890988392e+00
4.131187432625162081e+00
4.139755296764557890e+00
4.148213639677013731e+00
4.156565274891414141e+00
4.166450185124532801e+00
4.174576442984764491e+00
4.182604297330745347e+00
4.192111196174765908e+00
4.199930871521698528e+00
4.209194498389099870e+00
4.218330693152179123e+00
4.225849385849533846e+00
4.234760982277449237e+00
4.243554738423989114e+00
4.252233780306093891e+00
4.260801110181242635e+00
4.269259613027341693e+00
4.277612062602584864e+00
4.287226101610527529e+00
4.295357789101368340e+00
4.304721138599969521e+00
4.312643606414582109e+00
4.321769200536075495e+00
4.330771781218985872e+00
4.339654670475154852e+00
4.348421056532700391e+00
4.357074000957568138e+00
4.365616445305964710e+00
4.374051217344335996e+00
4.383562597387367532e+00
4.391775670277767496e+00
4.401040389711046608e+00
4.409043278778495889e+00
4.418073981702118402e+00
4.426984712354345319e+00
4.435778660662397677e+00
4.444458890113476279e+00
4.453028344378602732e+00
4.462540088972262176e+00
4.470883408575776485e+00
4.480147509596315913e+00
4.488276475260938980e+00
4.497305664748201259e+00
4.506215310959230003e+00
4.515008578913817239e+00
4.523688508758499260e+00
4.533203497712704255e+00
4.541653616847355579e+00
4.550920060976181070e+00
4.559152371377741986e+00
4.568183080569115262e+00
4.577094531437492009e+00
4.585889871157078801e+00
4.595434241426441524e+00
4.603995449249444150e+00
4.613289166252452667e+00
4.621628526870876996e+00
4.630684568784879218e+00
4.639620957850932648e+00
4.648440851247686467e+00
4.657933251215497172e+00
4.666519225929271819e+00
4.675763241506322387e+00
4.684882813427991621e+00
4.693135958579465417e+00
4.702761865942563624e+00
4.711527639143533008e+00
4.720181567566211989e+00
4.729433744721109889e+00
4.738561480928929370e+00
4.747568114833084607e+00
4.756456851770573202e+00
4.765230770799600002e+00
4.774554592749884918e+00
4.783752232646452995e+00
4.792182892001419781e+00
4.801782448435002237e+00
4.810621430938692988e+00
4.819347058624445346e+00
4.828573448271026081e+00
4.837676464192298909e+00
4.846659394645647545e+00
4.855525397500661811e+00
4.864857003595891349e+00
4.874062558729178818e+00
4.883145455254114253e+00
4.892108949735650469e+00
4.900956170123695443e+00
4.910232300204396161e+00
4.919384022695155068e+00
4.928414660977451511e+00
4.937327406398542173e+00
4.946639337487198418e+00
4.955826029309738701e+00
4.964890835832926896e+00
4.973836977463903963e+00
4.983154806965189643e+00
4.992347360112806776e+00
5.001417989855738711e+00
5.010369915720881195e+00
5.019668154393525761e+00
5.028841755660416801e+00
5.037894044622702516e+00
5.046828214505461929e+00
5.056085322827166273e+00
5.065218997926804079e+00
5.074232514867499155e+00
5.083549795894151124e+00
5.092742127264102692e+00
5.101812842464495290e+00
5.111169302268259607e+00
5.120399848275257959e+00
5.129507850674877467e+00
5.138496545600798271e+00
5.147752213616597849e+00
5.156884751310495396e+00
5.166270389324989942e+00
5.175529490663750565e+00
5.184665447102170255e+00
5.194039709059415699e+00
5.202934410744272320e+00
5.212413141786971238e+00
5.221418928353549482e+00
5.230647903456922876e+00
5.240089656557270992e+00
5.249403568648177476e+00
5.258593079503888212e+00
5.267661491420166264e+00
5.276929494216932248e+00
5.286074380296609476e+00
5.295408507637644036e+00
5.304617813221074840e+00
5.314006485230675203e+00
5.323268928569232727e+00
5.332408514684296108e+00
5.341717491782770999e+00
5.351187493117354421e+00
5.360247946605097624e+00
5.369745994274909506e+00
5.378841262163104986e+00
5.388088376478729735e+00
5.397479745692795206e+00
5.406745013309507186e+00
5.416146985596186347e+00
5.425422616008376941e+00
5.434575275510410641e+00
5.443857437271526045e+00
5.453262360513185136e+00
5.462540946082874882e+00
5.471935869573623989e+00
5.481204762800422792e+00
5.490583916070809423e+00
5.499837498872640396e+00
5.509195593817545422e+00
5.518428716773664533e+00
5.527760918342789154e+00
5.537186621942353781e+00
5.546485611809867322e+00
5.555873214513469271e+00
5.565135156889154722e+00
5.574481099119370064e+00
5.583906054994852930e+00
5.593204411437018742e+00
5.602577657662230592e+00
5.612021148510160984e+00
5.621337600073172958e+00
5.630720628008408113e+00
5.640165912235812762e+00
5.649484163266444980e+00
5.658861423517000055e+00
5.668293680659490796e+00
5.677599305024497056e+00
5.686957066006804062e+00
5.696363240983663978e+00
5.705814220263792258e+00
5.715138135477012327e+00
5.724504527001032628e+00
5.733910051621897708e+00
5.743351472277977265e+00
5.752666150377382159e+00
5.762172240287501523e+00
5.771549890163698571e+00
5.780955711186662960e+00
5.790386905224297109e+00
5.799691709393490768e+00
5.809167656119889500e+00
5.818516050164157960e+00
5.828026588115775120e+00
5.837408678035607146e+00
5.846805072951315019e+00
5.856213535113216295e+00
5.865767473292712531e+00
5.875191858168754777e+00
5.884622107130805801e+00
5.894056300464759701e+00
5.903492593145221790e+00
5.912929212897510389e+00
5.922364458255741759e+00
5.931796696622581244e+00
5.941224362335586484e+00
5.950645954744770094e+00
5.960060036305380393e+00
5.969581994892397603e+00
5.978975419528508084e+00
5.988471041056846467e+00
5.997950961563306649e+00
6.007414100428353443e+00
6.016859428317347103e+00
6.026285965413324064e+00
6.035798948476264414e+00
6.045288464718469257e+00
6.054753740986867250e+00
6.064194045824196522e+00
6.073709232398460500e+00
6.083195398045030622e+00
6.092651994000584104e+00
6.102175025351026072e+00
6.111664893152530809e+00
6.121121213302521902e+00
6.130636287927144323e+00
6.140114641175664190e+00
6.149556036079707688e+00
6.159049216414660854e+00
6.168590397804505798e+00
6.178089361988294392e+00
6.187546084483907194e+00
6.197044797310041986e+00
6.206582105661976989e+00
6.216072760163793731e+00
6.225597779010932697e+00
6.235074293738785300e+00
6.244581231157111390e+00
6.254115655660406503e+00
6.263598163504889627e+00
6.273180197187092411e+00
6.282632482508699212e+00
6.292179033773662944e+00
6.301741827973821763e+00
6.311246948007504187e+00
6.320765542612860166e+00
6.330295349976902131e+00
6.339834192578812200e+00
6.349312251576608723e+00
6.358863879156029242e+00
6.368418483301465649e+00
6.377909196315585838e+00
6.387465130712017825e+00
6.397018670274014163e+00
6.406568171997010452e+00
6.416112061205054395e+00
6.425648829555353103e+00
6.435177033060607066e+00
6.444695290132691490e+00
6.454260565136118899e+00
6.463811733089370293e+00
6.473347623826930963e+00
6.482923066096646814e+00
6.492479537991375338e+00
6.502016062555166620e+00
6.511585409366191790e+00
6.521131547003370166e+00
6.530705923777095023e+00
6.540254117928768984e+00
6.549826287664901159e+00
6.559369573598396563e+00
6.568932875006993299e+00
6.578513646747500943e+00
6.588061300890075245e+00
6.597670399147415488e+00
6.607243033395475251e+00
6.616778923904576004e+00
6.626368967538821764e+00
6.635964278658269322e+00
6.645518546278188055e+00
6.655075424943234452e+00
6.664676221158315705e+00
6.674232288062373897e+00
6.683827653640695310e+00
6.693417568963317521e+00
6.703000499972016080e+00
6.712574978093024392e+00
6.722179344474226603e+00
6.731771430455204097e+00
6.741349976306783454e+00
6.750951926581894469e+00
6.760536953064599786e+00
6.770103986596381240e+00
6.779725235603314637e+00
6.789288407106795376e+00
6.798900970291436252e+00
6.808488895884613257e+00
6.818086085967769883e+00
6.827690412371031137e+00
6.837299828632790621e+00
6.846879102603821821e+00
6.856493328973249923e+00
6.866106969544722105e+00
6.875718284345603948e+00
6.885325604911742836e+00
6.894927332248246721e+00
6.904521934803308447e+00
6.914138170550891971e+00
6.923743591725583180e+00
6.933366282118556434e+00
6.942974772467398026e+00
6.952596486285157695e+00
6.962200902542129199e+00
6.971814798380893130e+00
6.981436029810894617e+00
6.991035450272862661e+00
7.000665617178802869e+00
7.010297168200449569e+00
7.019902283009505695e+00
7.029531549149035996e+00
7.039156933172550978e+00
7.048776824029172161e+00
7.058389678607691842e+00
7.068018291376849227e+00
7.077660258084852885e+00
7.087289649974240824e+00
7.096905204929020883e+00
7.106528694519692380e+00
7.116158033444273556e+00
7.125791217208601758e+00
7.135426320085034746e+00
7.145061493059229107e+00
7.154694961771700612e+00
7.164325024460281632e+00
7.173970921573240567e+00
7.183609650308266481e+00
7.193239726810837453e+00
7.202879761559873195e+00
7.212527579362495445e+00
7.222161601374137874e+00
7.231799835722201308e+00
7.241440340377168106e+00
7.251099951507024244e+00
7.260739222440122376e+00
7.270375395914504324e+00
7.280024772905000496e+00
7.289667341129813849e+00
7.299319061911291762e+00
7.308960564786009861e+00
7.318607476520727850e+00
7.328257802954434297e+00
7.337909628574506016e+00
7.347561114452926034e+00
7.357226575594136619e+00
7.366871942041875343e+00
7.376527537779092647e+00
7.386175739509875271e+00
7.395830289695614290e+00
7.405489152786275397e+00
7.415150373060042099e+00
7.424812072556171039e+00
7.434458042988056015e+00
7.444115564257879569e+00
7.453782389632674032e+00
7.463442533528813705e+00
7.473108119785429437e+00
7.482763694475773164e+00
7.492421148960181299e+00
7.502091712555868597e+00
7.511760162258867446e+00
7.521424797721165234e+00
7.531083989424614877e+00
7.540748561853152232e+00
7.550416514357748632e+00
7.560085925276020191e+00
7.569754949857860460e+00
7.579421818187077164e+00
7.589096395595542610e+00
7.598765177624328793e+00
7.608437862157095388e+00
7.618101409055006989e+00
7.627776293092995097e+00
7.637449473582494264e+00
7.647119232166006420e+00
7.656794423523069604e+00
7.666473039973064729e+00
7.676142936441085141e+00
7.685822834699854056e+00
7.695500600477030773e+00
7.705174530754308471e+00
7.714852663447135939e+00
7.724533039459325678e+00
7.734213777703699222e+00
7.743893073017819262e+00
7.753569194079467763e+00
7.763249508659070486e+00
7.772932057209460233e+00
7.782614958218691648e+00
7.792296406125075237e+00
7.801983213207682510e+00
7.811664942256837385e+00
7.821348320226980455e+00
7.831031489193818196e+00
7.840720753040034019e+00
7.850406094956964509e+00
7.860093748403695457e+00
7.869774067085534064e+00
7.879468518842014824e+00
7.889152088571083077e+00
7.898838316919768232e+00
7.908532648137679644e+00
7.918218470676417375e+00
7.927908625984901647e+00
7.937601144649710783e+00
7.947294135649704216e+00
7.956985784265058648e+00
7.966674349985414239e+00
7.976371503463072443e+00
7.986061942987122464e+00
7.995757122994880284e+00
8.005448655560101656e+00
8.015147518262891069e+00
8.024839164366543542e+00
8.034534373094498250e+00
8.044231204113792444e+00
8.053927794741023050e+00
8.063628250208193293e+00
8.073324803429420271e+00
8.083021547910576032e+00
8.092722333125463408e+00
8.102419620031358960e+00
8.112117253647520343e+00
8.121818848096340915e+00
8.131517092943930436e+00
8.141220882125830727e+00
8.150922985374695173e+00
8.160621671655315268e+00
8.170325410407683009e+00
8.180027202146737508e+00
8.189730253427821793e+00
8.199432713737893508e+00
8.209137600671519763e+00
8.218843015577165900e+00
8.228547136415443219e+00
8.238252814504546606e+00
8.247958186117717361e+00
8.257665937074024853e+00
8.267369756649344481e+00
8.277076709138531996e+00
8.286784866560475749e+00
8.296492378356687070e+00
8.306201645438495262e+00
8.315910794462395117e+00
8.325618028044539543e+00
8.335329636839549750e+00
8.345035735792599496e+00
8.354746442226790748e+00
8.364459766802081475e+00
8.374170007067014865e+00
8.383879225813348768e+00
8.393593040955220630e+00
8.403302184663873575e+00
8.413015811174021863e+00
8.422728395061508166e+00
8.432441666445699369e+00
8.442153793686333785e+00
8.451869812958491934e+00
8.461581061433127715e+00
8.471295842254148667e+00
8.481012207951103221e+00
8.490728289075228474e+00
8.500442292093916663e+00
8.510158751245905151e+00
8.519875761898298094e+00
8.529591496291759611e+00
8.539307201776400902e+00
8.549026993462787161e+00
8.558743061504097582e+00
8.568462388450065248e+00
8.578180196429125104e+00
8.587897541931781120e+00
8.597618162853745361e+00
8.607337395072683250e+00
8.617056175722826339e+00
8.626775367498790814e+00
8.636495761695069717e+00
8.646215502871514857e+00
8.655937897118484159e+00
8.665658521038135831e+00
8.675380587283569866e+00
8.685102229942943453e+00
8.694824065535531332e+00
8.704546652598448730e+00
8.714268153046536014e+00
8.723991422059542700e+00
8.733714580056576082e+00
8.743438069990101980e+00
8.753162285972402756e+00
8.762885390254826490e+00
8.772609930767503172e+00
8.782336166665313471e+00
8.792060123261034477e+00
8.801786288754344767e+00
8.811510724796267624e+00
8.821237728402035572e+00
8.830963401775081323e+00
8.840689904003619759e+00
8.850415392268850212e+00
8.860143810355046057e+00
8.869871351616767541e+00
8.879598093882099974e+00
8.889325913583331129e+00
8.899052957291182508e+00
8.908782778001175018e+00
8.918509947142950978e+00
8.928239677332102886e+00
8.937968349163512016e+00
8.947697558659259087e+00
8.957427132280768589e+00
8.967156880642425776e+00
8.976886599569853686e+00
8.986617662471573453e+00
8.996348203680597067e+00
9.006079529586646260e+00
9.015809797113393032e+00
9.025541756345644373e+00
9.035272041845326285e+00
9.045004770772480995e+00
9.054736587270699744e+00
9.064468567195289594e+00
9.074201703702694743e+00
9.083934137879907667e+00
9.093666821304942971e+00
9.103400629425813406e+00
9.113133704349051456e+00
9.122866887805621161e+00
9.132600951444242554e+00
9.142335323484140019e+00
9.152069437698818533e+00
9.161803975267480027e+00
9.171538331028610713e+00
9.181274323189535735e+00
9.191008880962677097e+00
9.200744949569104492e+00
9.210480654526421063e+00
9.220216483385405226e+00
9.229951745331547386e+00
9.239687986076871695e+00
9.249424449312748209e+00
9.259161475827767163e+00
9.268898295939465015e+00
9.278635208822107572e+00
9.288372472672376645e+00
9.298110306621220289e+00
9.307847883112627230e+00
9.317585390122957278e+00
9.327323962795324164e+00
9.337061743689142546e+00
9.346800772239237887e+00
9.356539183430497175e+00
9.366277976066543332e+00
9.376017153530815662e+00
9.385756693767111969e+00
9.395495659065579375e+00
9.405235776023657124e+00
9.414975183079022258e+00
9.424715516378146418e+00
9.434455767163289153e+00
9.444195788258943125e+00
9.453936236575254171e+00
9.463676898916556723e+00
9.473417548454170500e+00
9.483158733198566281e+00
9.492900169597850990e+00
9.502641564197011448e+00
9.512383370052329923e+00
9.522125245381646508e+00
9.531866841826328596e+00
9.541609255031634262e+00
9.551351351090506370e+00
