nan
2.939760e-04
2.864051e-04
2.795712e-04
2.733401e-04
2.676131e-04
2.623148e-04
2.573864e-04
2.527808e-04
2.484595e-04
2.443909e-04
2.405483e-04
2.369093e-04
2.334545e-04
2.301673e-04
2.270334e-04
2.240399e-04
2.211759e-04
2.184313e-04
2.157974e-04
2.132665e-04
2.108313e-04
2.084856e-04
2.062235e-04
2.040400e-04
2.019301e-04
1.998897e-04
1.979146e-04
1.960013e-04
1.941464e-04
1.923467e-04
1.905995e-04
1.889021e-04
1.872521e-04
1.856470e-04
1.840849e-04
1.825637e-04
1.810815e-04
1.796368e-04
1.782277e-04
1.768528e-04
1.755107e-04
1.742000e-04
1.729195e-04
1.716679e-04
1.704441e-04
1.692471e-04
1.680759e-04
1.669294e-04
1.658069e-04
1.647074e-04
1.636302e-04
1.625744e-04
1.615394e-04
1.605244e-04
1.595287e-04
1.585518e-04
1.575931e-04
1.566519e-04
1.557276e-04
1.548199e-04
1.539282e-04
1.530519e-04
1.521907e-04
1.513441e-04
1.505117e-04
1.496930e-04
1.488877e-04
1.480954e-04
1.473158e-04
1.465484e-04
1.457931e-04
1.450494e-04
1.443170e-04
1.435957e-04
1.428852e-04
1.421852e-04
1.414954e-04
1.408155e-04
1.401455e-04
1.388335e-04
1.381912e-04
1.375578e-04
1.369329e-04
1.363165e-04
1.357084e-04
1.345160e-04
1.339314e-04
1.333543e-04
1.327847e-04
1.316667e-04
1.311181e-04
1.305763e-04
1.295124e-04
1.289900e-04
1.284738e-04
1.274595e-04
1.269612e-04
1.259817e-04
1.255003e-04
1.245535e-04
1.240880e-04
1.231721e-04
1.227216e-04
1.218350e-04
1.213988e-04
1.205398e-04
1.196986e-04
1.192844e-04
1.184684e-04
1.176687e-04
1.172747e-04
1.164983e-04
1.157367e-04
1.149895e-04
1.142563e-04
1.138948e-04
1.131816e-04
1.124814e-04
1.117937e-04
1.111181e-04
1.104543e-04
1.098019e-04
1.091606e-04
1.085301e-04
1.079101e-04
1.073002e-04
1.064039e-04
1.058183e-04
1.052420e-04
1.046747e-04
1.041161e-04
1.032943e-04
1.027567e-04
1.022271e-04
1.014473e-04
1.009369e-04
1.001851e-04
9.969269e-05
9.896705e-05
9.849166e-05
9.779076e-05
9.710403e-05
9.665384e-05
9.598968e-05
9.533846e-05
9.469977e-05
9.407321e-05
9.366205e-05
9.305486e-05
9.245881e-05
9.187357e-05
9.129881e-05
9.073422e-05
8.999673e-05
8.945472e-05
8.892193e-05
8.839810e-05
8.788297e-05
8.720927e-05
8.671355e-05
8.606490e-05
8.558738e-05
8.496227e-05
8.450186e-05
8.389887e-05
8.330795e-05
8.287244e-05
8.230168e-05
8.174193e-05
8.119284e-05
8.065408e-05
8.012532e-05
7.960625e-05
7.909659e-05
7.859605e-05
7.798278e-05
7.750179e-05
7.702909e-05
7.644950e-05
7.599458e-05
7.543653e-05
7.499832e-05
7.446050e-05
7.393341e-05
7.351922e-05
7.301055e-05
7.251165e-05
7.202221e-05
7.154195e-05
7.107057e-05
7.051626e-05
7.006349e-05
6.961878e-05
6.909544e-05
6.866764e-05
6.816395e-05
6.767046e-05
6.726678e-05
6.679114e-05
6.632478e-05
6.586742e-05
6.541875e-05
6.497852e-05
6.454645e-05
6.405237e-05
6.363717e-05
6.316213e-05
6.276272e-05
6.230552e-05
6.185748e-05
6.141829e-05
6.098767e-05
6.056534e-05
6.015104e-05
5.974453e-05
5.928916e-05
5.889852e-05
5.846071e-05
5.808494e-05
5.766360e-05
5.725062e-05
5.684574e-05
5.644869e-05
5.605923e-05
5.562985e-05
5.525574e-05
5.484307e-05
5.448332e-05
5.408631e-05
5.369719e-05
5.331570e-05
5.294161e-05
5.253433e-05
5.217509e-05
5.178377e-05
5.143842e-05
5.106206e-05
5.069318e-05
5.033156e-05
4.994187e-05
4.959472e-05
4.922043e-05
4.888683e-05
4.852696e-05
4.817428e-05
4.782856e-05
4.745908e-05
4.712720e-05
4.677231e-05
4.642467e-05
4.611215e-05
4.575015e-05
4.542283e-05
4.510185e-05
4.476105e-05
4.442721e-05
4.410010e-05
4.377951e-05
4.346522e-05
4.313356e-05
4.280874e-05
4.251304e-05
4.217870e-05
4.187304e-05
4.157337e-05
4.125871e-05
4.095047e-05
4.064843e-05
4.035241e-05
4.004304e-05
3.974007e-05
3.944326e-05
3.915243e-05
3.886736e-05
3.857060e-05
3.827993e-05
3.799515e-05
3.771607e-05
3.742657e-05
3.714305e-05
3.686529e-05
3.659312e-05
3.631167e-05
3.603603e-05
3.576601e-05
3.550142e-05
3.522857e-05
3.496134e-05
3.469955e-05
3.444301e-05
3.417912e-05
3.392064e-05
3.366740e-05
3.340753e-05
3.315302e-05
3.290371e-05
3.264843e-05
3.239844e-05
3.215357e-05
3.191365e-05
3.166841e-05
3.142820e-05
3.118315e-05
3.094321e-05
3.070821e-05
3.046885e-05
3.024340e-05
3.000492e-05
2.978001e-05
2.955121e-05
2.931888e-05
2.909143e-05
2.886868e-05
2.865048e-05
2.842913e-05
2.821232e-05
2.799268e-05
2.777759e-05
2.755996e-05
2.734686e-05
2.713815e-05
2.692716e-05
2.671414e-05
2.651186e-05
2.630140e-05
2.610138e-05
2.589952e-05
2.569607e-05
2.549686e-05
2.529624e-05
2.509982e-05
2.490745e-05
2.471381e-05
2.451911e-05
2.432847e-05
2.413691e-05
2.394935e-05
2.376100e-05
2.357658e-05
2.339149e-05
2.321026e-05
2.302846e-05
2.284625e-05
2.266786e-05
2.248914e-05
2.231416e-05
2.213893e-05
2.196357e-05
2.179189e-05
2.162015e-05
2.144846e-05
2.128038e-05
2.111239e-05
2.094458e-05
2.078031e-05
2.061627e-05
2.045253e-05
2.029224e-05
2.013228e-05
1.997273e-05
1.981367e-05
1.965795e-05
1.950272e-05
1.934805e-05
1.919399e-05
1.904318e-05
1.889046e-05
1.874097e-05
1.859219e-05
1.844417e-05
1.829926e-05
1.815283e-05
1.800949e-05
1.786480e-05
1.772318e-05
1.758244e-05
1.744262e-05
1.730175e-05
1.716388e-05
1.702699e-05
1.689112e-05
1.675628e-05
1.662249e-05
1.648977e-05
1.635812e-05
1.622757e-05
1.609812e-05
1.596978e-05
1.584099e-05
1.571494e-05
1.558852e-05
1.546330e-05
1.533928e-05
1.521647e-05
1.509487e-05
1.497311e-05
1.485262e-05
1.473339e-05
1.461540e-05
1.449742e-05
1.438072e-05
1.426531e-05
1.415001e-05
1.403601e-05
1.392332e-05
1.381083e-05
1.369966e-05
1.358979e-05
1.348020e-05
1.337092e-05
1.326300e-05
1.315641e-05
1.305019e-05
1.294439e-05
1.283994e-05
1.273595e-05
1.263331e-05
1.253116e-05
1.242953e-05
1.232925e-05
1.222874e-05
1.213038e-05
1.203182e-05
1.193389e-05
1.183733e-05
1.174140e-05
1.164613e-05
1.155153e-05
1.145828e-05
1.136506e-05
1.127255e-05
1.118141e-05
1.109036e-05
1.100008e-05
1.091055e-05
1.082180e-05
1.073382e-05
1.064663e-05
1.056022e-05
1.047409e-05
1.038878e-05
1.030428e-05
1.022012e-05
1.013680e-05
1.005433e-05
9.972232e-06
9.890997e-06
9.810179e-06
9.730231e-06
9.650729e-06
9.572106e-06
9.493953e-06
9.416289e-06
9.339519e-06
9.262879e-06
9.187149e-06
9.112318e-06
9.037670e-06
8.963586e-06
8.890416e-06
8.817817e-06
8.745475e-06
8.674054e-06
8.602919e-06
8.532402e-06
8.462507e-06
8.393240e-06
8.324321e-06
8.256050e-06
8.188428e-06
8.121191e-06
8.054618e-06
7.988710e-06
7.922966e-06
7.858151e-06
7.793530e-06
7.729600e-06
7.666128e-06
7.603126e-06
7.540604e-06
7.478786e-06
7.417248e-06
7.356215e-06
7.295695e-06
7.235693e-06
7.176216e-06
7.117267e-06
7.058667e-06
7.000611e-06
6.942925e-06
6.885796e-06
6.829055e-06
6.772879e-06
6.717107e-06
6.661748e-06
6.606967e-06
6.552460e-06
6.498391e-06
6.444912e-06
6.391737e-06
6.339019e-06
6.286763e-06
6.234973e-06
6.183522e-06
6.132423e-06
6.081809e-06
6.031683e-06
5.981926e-06
5.932547e-06
5.883553e-06
5.834953e-06
5.786751e-06
5.738953e-06
5.691565e-06
5.644489e-06
5.597834e-06
5.551605e-06
5.505708e-06
5.460152e-06
5.415035e-06
5.370269e-06
5.325862e-06
5.281733e-06
5.238059e-06
5.194759e-06
5.151756e-06
5.109138e-06
5.066831e-06
5.024917e-06
4.983324e-06
4.942060e-06
4.901130e-06
4.860539e-06
4.820225e-06
4.780326e-06
4.740715e-06
4.701460e-06
4.662504e-06
4.623852e-06
4.585511e-06
4.547484e-06
4.509832e-06
4.472447e-06
4.435335e-06
4.398555e-06
4.362059e-06
4.325902e-06
4.290036e-06
4.254420e-06
4.219105e-06
4.184097e-06
4.149398e-06
4.114967e-06
4.080809e-06
4.046928e-06
4.013330e-06
3.980017e-06
3.946954e-06
3.914184e-06
3.881673e-06
3.849461e-06
3.817479e-06
3.785768e-06
3.754330e-06
3.723136e-06
3.692190e-06
3.661528e-06
3.631088e-06
3.600908e-06
3.570990e-06
3.541308e-06
3.511865e-06
3.482666e-06
3.453713e-06
3.425010e-06
3.396533e-06
3.368286e-06
3.340273e-06
3.312496e-06
3.284935e-06
3.257618e-06
3.230522e-06
3.203653e-06
3.176990e-06
3.150560e-06
3.124343e-06
3.098364e-06
3.072563e-06
3.047005e-06
3.021653e-06
2.996491e-06
2.971561e-06
2.946826e-06
2.922292e-06
2.897961e-06
2.873835e-06
2.849918e-06
2.826179e-06
2.802654e-06
2.779314e-06
2.756176e-06
2.733214e-06
2.710461e-06
2.687888e-06
2.665500e-06
2.643299e-06
2.621274e-06
2.599441e-06
2.577791e-06
2.556311e-06
2.535019e-06
2.513903e-06
2.492954e-06
2.472188e-06
2.451583e-06
2.431153e-06
2.410901e-06
2.390807e-06
2.370885e-06
2.351127e-06
2.331535e-06
2.312101e-06
2.292829e-06
2.273720e-06
2.254767e-06
2.235973e-06
2.217332e-06
2.198853e-06
2.180523e-06
2.162344e-06
2.144318e-06
2.126439e-06
2.108709e-06
2.091132e-06
2.073693e-06
2.056409e-06
2.039262e-06
2.022254e-06
2.005393e-06
1.988675e-06
1.972088e-06
1.955648e-06
1.939338e-06
1.923166e-06
1.907128e-06
1.891226e-06
1.875451e-06
1.859815e-06
1.844304e-06
1.828921e-06
1.813666e-06
1.798543e-06
1.783542e-06
1.768665e-06
1.753915e-06
1.739289e-06
1.724778e-06
1.710395e-06
1.696127e-06
1.681980e-06
1.667953e-06
1.654038e-06
1.640242e-06
1.626562e-06
1.612995e-06
1.599541e-06
1.586200e-06
1.572967e-06
1.559847e-06
1.546835e-06
1.533932e-06
1.521138e-06
1.508449e-06
1.495868e-06
1.483390e-06
1.471016e-06
1.458746e-06
1.446578e-06
1.434513e-06
1.422547e-06
1.410679e-06
1.398913e-06
1.387243e-06
1.375673e-06
1.364197e-06
1.352819e-06
1.341535e-06
1.330346e-06
1.319248e-06
1.308244e-06
1.297332e-06
1.286511e-06
1.275782e-06
1.265139e-06
1.254589e-06
1.244124e-06
1.233747e-06
1.223458e-06
1.213253e-06
1.203135e-06
1.193101e-06
1.183149e-06
1.173282e-06
1.163497e-06
1.153794e-06
1.144171e-06
1.134631e-06
1.125168e-06
1.115785e-06
1.106480e-06
1.097253e-06
1.088103e-06
1.079030e-06
1.070032e-06
1.061110e-06
1.052262e-06
1.043488e-06
1.034787e-06
1.026160e-06
1.017604e-06
1.009120e-06
1.000706e-06
9.923632e-07
9.840893e-07
9.758851e-07
9.677495e-07
9.596825e-07
9.516824e-07
9.437491e-07
9.358818e-07
9.280806e-07
9.203448e-07
9.126734e-07
9.050660e-07
8.975224e-07
8.900422e-07
8.826238e-07
8.752682e-07
8.679733e-07
8.607400e-07
8.535670e-07
8.464538e-07
8.394000e-07
8.324058e-07
8.254693e-07
8.185914e-07
8.117706e-07
8.050069e-07
7.983001e-07
7.916492e-07
7.850539e-07
7.785138e-07
7.720283e-07
7.655968e-07
7.592194e-07
7.528950e-07
7.466237e-07
7.404050e-07
7.342380e-07
7.281228e-07
