3.818075e-01
3.483452e-01
3.206238e-01
2.972427e-01
2.772297e-01
2.598874e-01
2.447012e-01
2.312829e-01
2.193335e-01
2.086186e-01
1.989520e-01
1.901836e-01
1.821912e-01
1.748738e-01
1.681476e-01
1.619422e-01
1.561983e-01
1.508651e-01
1.458992e-01
1.412633e-01
1.369249e-01
1.328557e-01
1.290309e-01
1.254287e-01
1.220300e-01
1.188176e-01
1.157763e-01
1.128927e-01
1.101545e-01
1.075508e-01
1.050718e-01
1.027086e-01
1.004531e-01
9.829802e-02
9.623667e-02
9.426297e-02
9.237136e-02
9.055674e-02
8.881443e-02
8.714013e-02
8.552987e-02
8.397998e-02
8.248709e-02
8.104806e-02
7.965998e-02
7.832016e-02
7.702608e-02
7.577541e-02
7.456596e-02
7.339571e-02
7.226274e-02
7.116529e-02
7.010168e-02
6.907035e-02
6.806984e-02
6.709875e-02
6.615580e-02
6.523976e-02
6.434949e-02
6.348389e-02
6.264194e-02
6.182267e-02
6.102516e-02
6.024855e-02
5.949201e-02
5.875477e-02
5.803609e-02
5.733527e-02
5.665164e-02
5.598456e-02
5.533344e-02
5.469771e-02
5.407681e-02
5.347023e-02
5.287747e-02
5.229806e-02
5.173155e-02
5.117750e-02
5.063551e-02
5.010518e-02
4.907801e-02
4.858046e-02
4.809316e-02
4.761578e-02
4.714804e-02
4.668963e-02
4.579969e-02
4.536765e-02
4.494388e-02
4.452815e-02
4.371991e-02
4.332697e-02
4.294119e-02
4.219039e-02
4.182499e-02
4.146601e-02
4.076667e-02
4.042598e-02
3.976180e-02
3.943802e-02
3.880639e-02
3.849829e-02
3.789685e-02
3.760329e-02
3.702991e-02
3.674988e-02
3.620261e-02
3.567177e-02
3.541228e-02
3.490471e-02
3.441180e-02
3.417064e-02
3.369856e-02
3.323961e-02
3.279328e-02
3.235902e-02
3.214627e-02
3.172923e-02
3.132311e-02
3.092746e-02
3.054190e-02
3.016603e-02
2.979949e-02
2.944193e-02
2.909303e-02
2.875247e-02
2.841995e-02
2.793563e-02
2.762200e-02
2.731548e-02
2.701582e-02
2.672280e-02
2.629522e-02
2.601783e-02
2.574635e-02
2.534980e-02
2.509228e-02
2.471584e-02
2.447122e-02
2.411340e-02
2.388072e-02
2.354015e-02
2.320934e-02
2.299402e-02
2.267855e-02
2.237179e-02
2.207336e-02
2.178293e-02
2.159359e-02
2.131579e-02
2.104518e-02
2.078147e-02
2.052440e-02
2.027373e-02
1.994903e-02
1.971238e-02
1.948136e-02
1.925579e-02
1.903547e-02
1.874957e-02
1.854082e-02
1.826972e-02
1.807163e-02
1.781420e-02
1.762598e-02
1.738121e-02
1.714326e-02
1.696910e-02
1.674240e-02
1.652177e-02
1.630698e-02
1.609779e-02
1.589398e-02
1.569535e-02
1.550169e-02
1.531284e-02
1.508324e-02
1.490453e-02
1.473007e-02
1.451775e-02
1.435231e-02
1.415083e-02
1.399372e-02
1.380226e-02
1.361603e-02
1.347069e-02
1.329338e-02
1.312074e-02
1.295259e-02
1.278876e-02
1.262908e-02
1.244272e-02
1.229164e-02
1.214422e-02
1.197200e-02
1.183221e-02
1.166878e-02
1.150986e-02
1.138074e-02
1.122963e-02
1.108253e-02
1.093928e-02
1.079974e-02
1.066376e-02
1.053120e-02
1.038072e-02
1.025515e-02
1.011250e-02
9.993386e-03
9.857963e-03
9.726209e-03
9.597973e-03
9.473118e-03
9.351509e-03
9.233022e-03
9.117536e-03
8.989083e-03
8.879656e-03
8.757853e-03
8.654017e-03
8.538358e-03
8.425786e-03
8.316179e-03
8.209420e-03
8.105400e-03
7.991520e-03
7.892977e-03
7.785015e-03
7.691527e-03
7.589032e-03
7.489262e-03
7.392112e-03
7.297477e-03
7.195161e-03
7.105526e-03
7.008544e-03
6.923520e-03
6.831463e-03
6.741848e-03
6.654579e-03
6.561183e-03
6.478549e-03
6.390047e-03
6.311685e-03
6.227701e-03
6.145945e-03
6.066329e-03
5.981820e-03
5.906417e-03
5.826319e-03
5.748386e-03
5.678775e-03
5.598672e-03
5.526730e-03
5.456632e-03
5.382691e-03
5.310747e-03
5.240719e-03
5.172532e-03
5.106113e-03
5.036484e-03
4.968746e-03
4.907474e-03
4.838644e-03
4.776138e-03
4.715241e-03
4.651710e-03
4.589884e-03
4.529694e-03
4.471077e-03
4.410216e-03
4.351004e-03
4.293376e-03
4.237267e-03
4.182619e-03
4.126092e-03
4.071086e-03
4.017539e-03
3.965395e-03
3.911651e-03
3.859357e-03
3.808454e-03
3.758888e-03
3.707960e-03
3.658405e-03
3.610168e-03
3.563196e-03
3.515066e-03
3.468229e-03
3.422634e-03
3.378231e-03
3.332841e-03
3.288665e-03
3.245653e-03
3.201793e-03
3.159111e-03
3.117561e-03
3.075284e-03
3.034147e-03
2.994105e-03
2.955113e-03
2.915502e-03
2.876947e-03
2.837863e-03
2.799834e-03
2.762818e-03
2.725354e-03
2.690283e-03
2.653413e-03
2.618859e-03
2.583922e-03
2.548668e-03
2.514371e-03
2.480991e-03
2.448491e-03
2.415723e-03
2.383826e-03
2.351709e-03
2.320452e-03
2.289020e-03
2.258434e-03
2.228660e-03
2.198743e-03
2.168726e-03
2.140397e-03
2.111101e-03
2.083430e-03
2.055673e-03
2.027866e-03
2.000807e-03
1.973722e-03
1.947365e-03
1.921708e-03
1.896037e-03
1.870380e-03
1.845413e-03
1.820477e-03
1.796210e-03
1.771987e-03
1.748413e-03
1.724896e-03
1.702006e-03
1.679184e-03
1.656447e-03
1.634321e-03
1.612287e-03
1.590843e-03
1.569498e-03
1.548265e-03
1.527602e-03
1.507055e-03
1.486637e-03
1.466767e-03
1.447028e-03
1.427428e-03
1.408355e-03
1.389422e-03
1.370637e-03
1.352356e-03
1.334221e-03
1.316240e-03
1.298419e-03
1.281078e-03
1.263893e-03
1.246871e-03
1.230017e-03
1.213614e-03
1.197103e-03
1.181036e-03
1.165141e-03
1.149419e-03
1.134118e-03
1.118747e-03
1.103789e-03
1.088779e-03
1.074174e-03
1.059745e-03
1.045493e-03
1.031218e-03
1.017330e-03
1.003623e-03
9.900960e-04
9.767502e-04
9.635855e-04
9.506018e-04
9.377986e-04
9.251755e-04
9.127317e-04
9.004666e-04
8.882300e-04
8.763230e-04
8.644500e-04
8.527585e-04
8.412468e-04
8.299130e-04
8.187552e-04
8.076485e-04
7.967205e-04
7.859690e-04
7.753915e-04
7.648753e-04
7.545343e-04
7.443658e-04
7.342654e-04
7.243377e-04
7.145795e-04
7.048945e-04
6.953783e-04
6.860280e-04
6.767540e-04
6.675605e-04
6.585326e-04
6.496670e-04
6.408831e-04
6.321839e-04
6.236453e-04
6.151925e-04
6.068973e-04
5.986886e-04
5.905685e-04
5.826026e-04
5.746630e-04
5.669377e-04
5.592414e-04
5.516375e-04
5.441826e-04
5.368187e-04
5.295467e-04
5.223670e-04
5.153302e-04
5.083352e-04
5.014337e-04
4.946716e-04
4.879558e-04
4.813334e-04
4.748042e-04
4.683678e-04
4.620239e-04
4.557721e-04
4.496117e-04
4.435053e-04
4.374912e-04
4.315685e-04
4.257023e-04
4.199278e-04
4.142438e-04
4.086181e-04
4.030826e-04
3.976064e-04
3.922197e-04
3.868931e-04
3.816550e-04
3.764775e-04
3.713613e-04
3.663323e-04
3.613401e-04
3.564348e-04
3.516149e-04
3.468337e-04
3.421153e-04
3.374812e-04
3.329089e-04
3.283783e-04
3.239304e-04
3.195250e-04
3.151824e-04
3.109021e-04
3.066839e-04
3.025104e-04
2.983991e-04
2.943497e-04
2.903457e-04
2.864034e-04
2.825222e-04
2.786722e-04
2.748977e-04
2.711554e-04
2.674737e-04
2.638388e-04
2.602508e-04
2.567099e-04
2.532283e-04
2.497817e-04
2.463824e-04
2.430304e-04
2.397255e-04
2.364676e-04
2.332566e-04
2.300823e-04
2.269548e-04
2.238645e-04
2.208209e-04
2.178148e-04
2.148550e-04
2.119327e-04
2.090482e-04
2.062095e-04
2.034005e-04
2.006296e-04
1.979040e-04
1.952089e-04
1.925517e-04
1.899322e-04
1.873504e-04
1.847997e-04
1.822804e-04
1.797987e-04
1.773545e-04
1.749416e-04
1.725602e-04
1.702104e-04
1.678923e-04
1.656058e-04
1.633510e-04
1.611278e-04
1.589313e-04
1.567664e-04
1.546331e-04
1.525267e-04
1.504475e-04
1.483995e-04
1.463787e-04
1.443850e-04
1.424147e-04
1.404754e-04
1.385632e-04
1.366746e-04
1.348131e-04
1.329752e-04
1.311645e-04
1.293774e-04
1.276142e-04
1.258747e-04
1.241591e-04
1.224646e-04
1.207967e-04
1.191498e-04
1.175267e-04
1.159247e-04
1.143438e-04
1.127843e-04
1.112460e-04
1.097311e-04
1.082352e-04
1.067583e-04
1.053027e-04
1.038661e-04
1.024506e-04
1.010542e-04
9.967501e-05
9.831499e-05
9.697411e-05
9.565229e-05
9.434781e-05
9.306073e-05
9.179105e-05
9.053878e-05
8.930392e-05
8.808497e-05
8.688341e-05
8.569781e-05
8.452952e-05
8.337585e-05
8.223816e-05
8.111643e-05
8.000941e-05
7.891715e-05
7.784079e-05
7.677806e-05
7.573010e-05
7.469688e-05
7.367735e-05
7.267153e-05
7.167943e-05
7.070105e-05
6.973637e-05
6.878446e-05
6.784536e-05
6.691908e-05
6.600560e-05
6.510412e-05
6.421544e-05
6.333877e-05
6.247411e-05
6.162074e-05
6.077939e-05
5.994935e-05
5.913128e-05
5.832323e-05
5.752713e-05
5.674170e-05
5.596637e-05
5.520232e-05
5.444838e-05
5.370458e-05
5.297093e-05
5.224741e-05
5.153402e-05
5.082976e-05
5.013563e-05
4.945066e-05
4.877531e-05
4.810870e-05
4.745171e-05
4.680346e-05
4.616398e-05
4.553326e-05
4.491093e-05
4.429737e-05
4.369219e-05
4.309504e-05
4.250627e-05
4.192555e-05
4.135253e-05
4.078756e-05
4.023000e-05
3.968016e-05
3.913804e-05
3.860307e-05
3.807552e-05
3.755512e-05
3.704188e-05
3.653554e-05
3.603610e-05
3.554356e-05
3.505769e-05
3.457848e-05
3.410572e-05
3.363962e-05
3.317974e-05
3.272611e-05
3.227872e-05
3.183737e-05
3.140207e-05
3.097282e-05
3.054925e-05
3.013171e-05
2.971970e-05
2.931322e-05
2.891243e-05
2.851717e-05
2.812713e-05
2.774262e-05
2.736320e-05
2.698902e-05
2.661993e-05
2.625594e-05
2.589679e-05
2.554272e-05
2.519338e-05
2.484877e-05
2.450889e-05
2.417373e-05
2.384308e-05
2.351693e-05
2.319530e-05
2.287807e-05
2.256505e-05
2.225644e-05
2.195195e-05
2.165168e-05
2.135553e-05
2.106334e-05
2.077520e-05
2.049101e-05
2.021070e-05
1.993420e-05
1.966150e-05
1.939246e-05
1.912716e-05
1.886545e-05
1.860734e-05
1.835275e-05
1.810164e-05
1.785399e-05
1.760969e-05
1.736873e-05
1.713107e-05
1.689665e-05
1.666546e-05
1.643741e-05
1.621244e-05
1.599060e-05
1.577175e-05
1.555594e-05
1.534303e-05
1.513307e-05
1.492596e-05
1.472171e-05
1.452020e-05
1.432146e-05
1.412547e-05
1.393213e-05
1.374147e-05
1.355336e-05
1.336787e-05
1.318488e-05
1.300442e-05
1.282642e-05
1.265085e-05
1.247768e-05
1.230688e-05
1.213841e-05
1.197224e-05
1.180835e-05
1.164671e-05
1.148726e-05
1.133002e-05
1.117490e-05
1.102192e-05
1.087103e-05
1.072219e-05
1.057540e-05
1.043062e-05
1.028781e-05
1.014696e-05
1.000804e-05
9.871011e-06
9.735856e-06
9.602556e-06
9.471077e-06
9.341401e-06
9.213481e-06
9.087333e-06
8.962893e-06
8.840164e-06
8.719114e-06
8.599730e-06
8.481970e-06
8.365821e-06
8.251257e-06
8.138265e-06
8.026820e-06
7.916899e-06
7.808477e-06
7.701544e-06
7.596077e-06
7.492044e-06
7.389445e-06
7.288239e-06
7.188426e-06
7.089977e-06
6.992873e-06
6.897097e-06
6.802638e-06
6.709463e-06
6.617572e-06
6.526931e-06
6.437533e-06
6.349363e-06
6.262397e-06
6.176621e-06
6.092020e-06
6.008575e-06
5.926271e-06
5.845095e-06
5.765028e-06
5.686058e-06
5.608173e-06
5.531349e-06
5.455580e-06
