1.732051e+00
1.844585e+00
1.931928e+00
2.004458e+00
2.066928e+00
2.122022e+00
2.171433e+00
2.216309e+00
2.257472e+00
2.295531e+00
2.330952e+00
2.364100e+00
2.395268e+00
2.424694e+00
2.452573e+00
2.479070e+00
2.504323e+00
2.528450e+00
2.551553e+00
2.573721e+00
2.595030e+00
2.615547e+00
2.635333e+00
2.654441e+00
2.672918e+00
2.690806e+00
2.708144e+00
2.724966e+00
2.741304e+00
2.757186e+00
2.772638e+00
2.787684e+00
2.802346e+00
2.816643e+00
2.830595e+00
2.844218e+00
2.857528e+00
2.870541e+00
2.883268e+00
2.895725e+00
2.907921e+00
2.919868e+00
2.931578e+00
2.943058e+00
2.954320e+00
2.965370e+00
2.976218e+00
2.986870e+00
2.997335e+00
3.007618e+00
3.017727e+00
3.027667e+00
3.037444e+00
3.047063e+00
3.056531e+00
3.065851e+00
3.075029e+00
3.084068e+00
3.092974e+00
3.101750e+00
3.110400e+00
3.118928e+00
3.127337e+00
3.135631e+00
3.143813e+00
3.151886e+00
3.159853e+00
3.167717e+00
3.175480e+00
3.183146e+00
3.190716e+00
3.198194e+00
3.205581e+00
3.212880e+00
3.220093e+00
3.227222e+00
3.234269e+00
3.241236e+00
3.248124e+00
3.254937e+00
3.268339e+00
3.274932e+00
3.281456e+00
3.287911e+00
3.294299e+00
3.300622e+00
3.313077e+00
3.319212e+00
3.325287e+00
3.331303e+00
3.343162e+00
3.349008e+00
3.354799e+00
3.366222e+00
3.371856e+00
3.377440e+00
3.388459e+00
3.393896e+00
3.404631e+00
3.409930e+00
3.420395e+00
3.425563e+00
3.435773e+00
3.440816e+00
3.450782e+00
3.455706e+00
3.465441e+00
3.475027e+00
3.479766e+00
3.489138e+00
3.498373e+00
3.502941e+00
3.511977e+00
3.520887e+00
3.529672e+00
3.538337e+00
3.542626e+00
3.551117e+00
3.559496e+00
3.567765e+00
3.575929e+00
3.583989e+00
3.591948e+00
3.599808e+00
3.607573e+00
3.615245e+00
3.622825e+00
3.634029e+00
3.641391e+00
3.648669e+00
3.655865e+00
3.662982e+00
3.673510e+00
3.680434e+00
3.687284e+00
3.697424e+00
3.704096e+00
3.713976e+00
3.720479e+00
3.730112e+00
3.736455e+00
3.745854e+00
3.755118e+00
3.761221e+00
3.770269e+00
3.779192e+00
3.787993e+00
3.796676e+00
3.802400e+00
3.810893e+00
3.819277e+00
3.827553e+00
3.835725e+00
3.843795e+00
3.854402e+00
3.862245e+00
3.869995e+00
3.877653e+00
3.885223e+00
3.895180e+00
3.902550e+00
3.912248e+00
3.919429e+00
3.928881e+00
3.935882e+00
3.945101e+00
3.954192e+00
3.960929e+00
3.969804e+00
3.978561e+00
3.987202e+00
3.995731e+00
4.004151e+00
4.012463e+00
4.020672e+00
4.028780e+00
4.038776e+00
4.046665e+00
4.054460e+00
4.064076e+00
4.071670e+00
4.081040e+00
4.088441e+00
4.097578e+00
4.106589e+00
4.113711e+00
4.122507e+00
4.131187e+00
4.139755e+00
4.148214e+00
4.156565e+00
4.166450e+00
4.174576e+00
4.182604e+00
4.192111e+00
4.199931e+00
4.209194e+00
4.218331e+00
4.225849e+00
4.234761e+00
4.243555e+00
4.252234e+00
4.260801e+00
4.269260e+00
4.277612e+00
4.287226e+00
4.295358e+00
4.304721e+00
4.312644e+00
4.321769e+00
4.330772e+00
4.339655e+00
4.348421e+00
4.357074e+00
4.365616e+00
4.374051e+00
4.383563e+00
4.391776e+00
4.401040e+00
4.409043e+00
4.418074e+00
4.426985e+00
4.435779e+00
4.444459e+00
4.453028e+00
4.462540e+00
4.470883e+00
4.480148e+00
4.488276e+00
4.497306e+00
4.506215e+00
4.515009e+00
4.523689e+00
4.533203e+00
4.541654e+00
4.550920e+00
4.559152e+00
4.568183e+00
4.577095e+00
4.585890e+00
4.595434e+00
4.603995e+00
4.613289e+00
4.621629e+00
4.630685e+00
4.639621e+00
4.648441e+00
4.657933e+00
4.666519e+00
4.675763e+00
4.684883e+00
4.693136e+00
4.702762e+00
4.711528e+00
4.720182e+00
4.729434e+00
4.738561e+00
4.747568e+00
4.756457e+00
4.765231e+00
4.774555e+00
4.783752e+00
4.792183e+00
4.801782e+00
4.810621e+00
4.819347e+00
4.828573e+00
4.837676e+00
4.846659e+00
4.855525e+00
4.864857e+00
4.874063e+00
4.883145e+00
4.892109e+00
4.900956e+00
4.910232e+00
4.919384e+00
4.928415e+00
4.937327e+00
4.946639e+00
4.955826e+00
4.964891e+00
4.973837e+00
4.983155e+00
4.992347e+00
5.001418e+00
5.010370e+00
5.019668e+00
5.028842e+00
5.037894e+00
5.046828e+00
5.056085e+00
5.065219e+00
5.074233e+00
5.083550e+00
5.092742e+00
5.101813e+00
5.111169e+00
5.120400e+00
5.129508e+00
5.138497e+00
5.147752e+00
5.156885e+00
5.166270e+00
5.175529e+00
5.184665e+00
5.194040e+00
5.202934e+00
5.212413e+00
5.221419e+00
5.230648e+00
5.240090e+00
5.249404e+00
5.258593e+00
5.267661e+00
5.276929e+00
5.286074e+00
5.295409e+00
5.304618e+00
5.314006e+00
5.323269e+00
5.332409e+00
5.341717e+00
5.351187e+00
5.360248e+00
5.369746e+00
5.378841e+00
5.388088e+00
5.397480e+00
5.406745e+00
5.416147e+00
5.425423e+00
5.434575e+00
5.443857e+00
5.453262e+00
5.462541e+00
5.471936e+00
5.481205e+00
5.490584e+00
5.499837e+00
5.509196e+00
5.518429e+00
5.527761e+00
5.537187e+00
5.546486e+00
5.555873e+00
5.565135e+00
5.574481e+00
5.583906e+00
5.593204e+00
5.602578e+00
5.612021e+00
5.621338e+00
5.630721e+00
5.640166e+00
5.649484e+00
5.658861e+00
5.668294e+00
5.677599e+00
5.686957e+00
5.696363e+00
5.705814e+00
5.715138e+00
5.724505e+00
5.733910e+00
5.743351e+00
5.752666e+00
5.762172e+00
5.771550e+00
5.780956e+00
5.790387e+00
5.799692e+00
5.809168e+00
5.818516e+00
5.828027e+00
5.837409e+00
5.846805e+00
5.856214e+00
5.865767e+00
5.875192e+00
5.884622e+00
5.894056e+00
5.903493e+00
5.912929e+00
5.922364e+00
5.931797e+00
5.941224e+00
5.950646e+00
5.960060e+00
5.969582e+00
5.978975e+00
5.988471e+00
5.997951e+00
6.007414e+00
6.016859e+00
6.026286e+00
6.035799e+00
6.045288e+00
6.054754e+00
6.064194e+00
6.073709e+00
6.083195e+00
6.092652e+00
6.102175e+00
6.111665e+00
6.121121e+00
6.130636e+00
6.140115e+00
6.149556e+00
6.159049e+00
6.168590e+00
6.178089e+00
6.187546e+00
6.197045e+00
6.206582e+00
6.216073e+00
6.225598e+00
6.235074e+00
6.244581e+00
6.254116e+00
6.263598e+00
6.273180e+00
6.282632e+00
6.292179e+00
6.301742e+00
6.311247e+00
6.320766e+00
6.330295e+00
6.339834e+00
6.349312e+00
6.358864e+00
6.368418e+00
6.377909e+00
6.387465e+00
6.397019e+00
6.406568e+00
6.416112e+00
6.425649e+00
6.435177e+00
6.444695e+00
6.454261e+00
6.463812e+00
6.473348e+00
6.482923e+00
6.492480e+00
6.502016e+00
6.511585e+00
6.521132e+00
6.530706e+00
6.540254e+00
6.549826e+00
6.559370e+00
6.568933e+00
6.578514e+00
6.588061e+00
6.597670e+00
6.607243e+00
6.616779e+00
6.626369e+00
6.635964e+00
6.645519e+00
6.655075e+00
6.664676e+00
6.674232e+00
6.683828e+00
6.693418e+00
6.703000e+00
6.712575e+00
6.722179e+00
6.731771e+00
6.741350e+00
6.750952e+00
6.760537e+00
6.770104e+00
6.779725e+00
6.789288e+00
6.798901e+00
6.808489e+00
6.818086e+00
6.827690e+00
6.837300e+00
6.846879e+00
6.856493e+00
6.866107e+00
6.875718e+00
6.885326e+00
6.894927e+00
6.904522e+00
6.914138e+00
6.923744e+00
6.933366e+00
6.942975e+00
6.952596e+00
6.962201e+00
6.971815e+00
6.981436e+00
6.991035e+00
7.000666e+00
7.010297e+00
7.019902e+00
7.029532e+00
7.039157e+00
7.048777e+00
7.058390e+00
7.068018e+00
7.077660e+00
7.087290e+00
7.096905e+00
7.106529e+00
7.116158e+00
7.125791e+00
7.135426e+00
7.145061e+00
7.154695e+00
7.164325e+00
7.173971e+00
7.183610e+00
7.193240e+00
7.202880e+00
7.212528e+00
7.222162e+00
7.231800e+00
7.241440e+00
7.251100e+00
7.260739e+00
7.270375e+00
7.280025e+00
7.289667e+00
7.299319e+00
7.308961e+00
7.318607e+00
7.328258e+00
7.337910e+00
7.347561e+00
7.357227e+00
7.366872e+00
7.376528e+00
7.386176e+00
7.395830e+00
7.405489e+00
7.415150e+00
7.424812e+00
7.434458e+00
7.444116e+00
7.453782e+00
7.463443e+00
7.473108e+00
7.482764e+00
7.492421e+00
7.502092e+00
7.511760e+00
7.521425e+00
7.531084e+00
7.540749e+00
7.550417e+00
7.560086e+00
7.569755e+00
7.579422e+00
7.589096e+00
7.598765e+00
7.608438e+00
7.618101e+00
7.627776e+00
7.637449e+00
7.647119e+00
7.656794e+00
7.666473e+00
7.676143e+00
7.685823e+00
7.695501e+00
7.705175e+00
7.714853e+00
7.724533e+00
7.734214e+00
7.743893e+00
7.753569e+00
7.763250e+00
7.772932e+00
7.782615e+00
7.792296e+00
7.801983e+00
7.811665e+00
7.821348e+00
7.831031e+00
7.840721e+00
7.850406e+00
7.860094e+00
7.869774e+00
7.879469e+00
7.889152e+00
7.898838e+00
7.908533e+00
7.918218e+00
7.927909e+00
7.937601e+00
7.947294e+00
7.956986e+00
7.966674e+00
7.976372e+00
7.986062e+00
7.995757e+00
8.005449e+00
8.015148e+00
8.024839e+00
8.034534e+00
8.044231e+00
8.053928e+00
8.063628e+00
8.073325e+00
8.083022e+00
8.092722e+00
8.102420e+00
8.112117e+00
8.121819e+00
8.131517e+00
8.141221e+00
8.150923e+00
8.160622e+00
8.170325e+00
8.180027e+00
8.189730e+00
8.199433e+00
8.209138e+00
8.218843e+00
8.228547e+00
8.238253e+00
8.247958e+00
8.257666e+00
8.267370e+00
8.277077e+00
8.286785e+00
8.296492e+00
8.306202e+00
8.315911e+00
8.325618e+00
8.335330e+00
8.345036e+00
8.354746e+00
8.364460e+00
8.374170e+00
8.383879e+00
8.393593e+00
8.403302e+00
8.413016e+00
8.422728e+00
8.432442e+00
8.442154e+00
8.451870e+00
8.461581e+00
8.471296e+00
8.481012e+00
8.490728e+00
8.500442e+00
8.510159e+00
8.519876e+00
8.529591e+00
8.539307e+00
8.549027e+00
8.558743e+00
8.568462e+00
8.578180e+00
8.587898e+00
8.597618e+00
8.607337e+00
8.617056e+00
8.626775e+00
8.636496e+00
8.646216e+00
8.655938e+00
8.665659e+00
8.675381e+00
8.685102e+00
8.694824e+00
8.704547e+00
8.714268e+00
8.723991e+00
8.733715e+00
8.743438e+00
8.753162e+00
8.762885e+00
8.772610e+00
8.782336e+00
8.792060e+00
8.801786e+00
8.811511e+00
8.821238e+00
8.830963e+00
8.840690e+00
8.850415e+00
8.860144e+00
8.869871e+00
8.879598e+00
8.889326e+00
8.899053e+00
8.908783e+00
8.918510e+00
8.928240e+00
8.937968e+00
8.947698e+00
8.957427e+00
8.967157e+00
8.976887e+00
8.986618e+00
8.996348e+00
9.006080e+00
9.015810e+00
9.025542e+00
9.035272e+00
9.045005e+00
9.054737e+00
9.064469e+00
9.074202e+00
9.083934e+00
9.093667e+00
9.103401e+00
9.113134e+00
9.122867e+00
9.132601e+00
9.142335e+00
9.152069e+00
9.161804e+00
9.171538e+00
9.181274e+00
9.191009e+00
9.200745e+00
9.210481e+00
9.220216e+00
9.229952e+00
9.239688e+00
9.249424e+00
9.259161e+00
9.268898e+00
9.278635e+00
9.288372e+00
9.298110e+00
9.307848e+00
9.317585e+00
9.327324e+00
9.337062e+00
9.346801e+00
9.356539e+00
9.366278e+00
9.376017e+00
9.385757e+00
9.395496e+00
9.405236e+00
9.414975e+00
9.424716e+00
9.434456e+00
9.444196e+00
9.453936e+00
9.463677e+00
9.473418e+00
9.483159e+00
9.492900e+00
9.502642e+00
9.512383e+00
9.522125e+00
9.531867e+00
9.541609e+00
9.551351e+00
