1.756021e-02
1.732670e-02
1.711246e-02
1.691432e-02
1.672990e-02
1.655735e-02
1.639516e-02
1.624213e-02
1.609726e-02
1.595970e-02
1.582875e-02
1.570380e-02
1.558432e-02
1.546985e-02
1.535999e-02
1.525438e-02
1.515272e-02
1.505473e-02
1.496014e-02
1.486875e-02
1.478033e-02
1.469472e-02
1.461174e-02
1.453124e-02
1.445308e-02
1.437713e-02
1.430328e-02
1.423141e-02
1.416142e-02
1.409323e-02
1.402675e-02
1.396189e-02
1.389858e-02
1.383675e-02
1.377634e-02
1.371729e-02
1.365953e-02
1.360302e-02
1.354771e-02
1.349355e-02
1.344049e-02
1.338849e-02
1.333751e-02
1.328752e-02
1.323847e-02
1.319035e-02
1.314310e-02
1.309671e-02
1.305115e-02
1.300638e-02
1.296239e-02
1.291914e-02
1.287661e-02
1.283479e-02
1.279364e-02
1.275315e-02
1.271331e-02
1.267408e-02
1.263546e-02
1.259742e-02
1.255995e-02
1.252303e-02
1.248665e-02
1.245080e-02
1.241546e-02
1.238061e-02
1.234624e-02
1.231235e-02
1.227891e-02
1.224592e-02
1.221337e-02
1.218125e-02
1.214954e-02
1.211823e-02
1.208732e-02
1.205680e-02
1.202666e-02
1.199688e-02
1.196747e-02
1.193840e-02
1.188131e-02
1.185326e-02
1.182553e-02
1.179812e-02
1.177102e-02
1.174422e-02
1.169151e-02
1.166558e-02
1.163993e-02
1.161456e-02
1.156461e-02
1.154003e-02
1.151570e-02
1.146777e-02
1.144417e-02
1.142081e-02
1.137476e-02
1.135208e-02
1.130735e-02
1.128531e-02
1.124183e-02
1.122040e-02
1.117812e-02
1.115726e-02
1.111611e-02
1.109580e-02
1.105573e-02
1.101634e-02
1.099689e-02
1.095850e-02
1.092074e-02
1.090209e-02
1.086525e-02
1.082899e-02
1.079331e-02
1.075819e-02
1.074083e-02
1.070652e-02
1.067272e-02
1.063942e-02
1.060662e-02
1.057429e-02
1.054242e-02
1.051101e-02
1.048004e-02
1.044950e-02
1.041937e-02
1.037495e-02
1.034583e-02
1.031709e-02
1.028872e-02
1.026073e-02
1.021940e-02
1.019227e-02
1.016549e-02
1.012593e-02
1.009995e-02
1.006157e-02
1.003636e-02
9.999101e-03
9.974617e-03
9.938414e-03
9.902820e-03
9.879420e-03
9.844802e-03
9.810745e-03
9.777234e-03
9.744252e-03
9.722551e-03
9.690419e-03
9.658777e-03
9.627613e-03
9.596913e-03
9.566665e-03
9.527016e-03
9.497776e-03
9.468950e-03
9.440526e-03
9.412495e-03
9.375715e-03
9.348563e-03
9.312922e-03
9.286600e-03
9.252035e-03
9.226498e-03
9.192951e-03
9.159961e-03
9.135575e-03
9.103521e-03
9.071981e-03
9.040940e-03
9.010384e-03
8.980298e-03
8.950671e-03
8.921488e-03
8.892740e-03
8.857396e-03
8.829580e-03
8.802163e-03
8.768434e-03
8.741873e-03
8.709186e-03
8.683435e-03
8.651732e-03
8.620554e-03
8.595977e-03
8.565703e-03
8.535911e-03
8.506588e-03
8.477719e-03
8.449294e-03
8.415750e-03
8.388256e-03
8.361167e-03
8.329181e-03
8.302947e-03
8.271957e-03
8.241488e-03
8.216482e-03
8.186926e-03
8.157848e-03
8.129233e-03
8.101070e-03
8.073344e-03
8.046044e-03
8.014717e-03
7.988300e-03
7.957973e-03
7.932389e-03
7.903006e-03
7.874110e-03
7.845686e-03
7.817721e-03
7.790200e-03
7.763113e-03
7.736446e-03
7.706470e-03
7.680665e-03
7.651646e-03
7.626655e-03
7.598539e-03
7.570884e-03
7.543678e-03
7.516906e-03
7.490557e-03
7.461404e-03
7.435914e-03
7.407699e-03
7.383019e-03
7.355690e-03
7.328809e-03
7.302364e-03
7.276342e-03
7.247910e-03
7.222742e-03
7.195231e-03
7.170868e-03
7.144226e-03
7.118021e-03
7.092241e-03
7.064360e-03
7.039433e-03
7.012462e-03
6.988339e-03
6.962226e-03
6.936543e-03
6.911279e-03
6.884179e-03
6.859750e-03
6.833534e-03
6.807760e-03
6.784510e-03
6.757482e-03
6.732954e-03
6.708817e-03
6.683098e-03
6.657812e-03
6.632946e-03
6.608487e-03
6.584425e-03
6.558942e-03
6.533890e-03
6.511005e-03
6.485034e-03
6.461205e-03
6.437759e-03
6.413052e-03
6.388760e-03
6.364870e-03
6.341372e-03
6.316725e-03
6.292496e-03
6.268674e-03
6.245246e-03
6.222201e-03
6.198122e-03
6.174450e-03
6.151172e-03
6.128277e-03
6.104441e-03
6.081009e-03
6.057969e-03
6.035309e-03
6.011792e-03
5.988673e-03
5.965941e-03
5.943585e-03
5.920447e-03
5.897700e-03
5.875333e-03
5.853336e-03
5.830624e-03
5.808295e-03
5.786337e-03
5.763721e-03
5.741488e-03
5.719628e-03
5.697161e-03
5.675076e-03
5.653363e-03
5.632010e-03
5.610102e-03
5.588564e-03
5.566508e-03
5.544831e-03
5.523518e-03
5.501730e-03
5.481131e-03
5.459259e-03
5.438554e-03
5.417412e-03
5.395863e-03
5.374684e-03
5.353865e-03
5.333395e-03
5.312550e-03
5.292058e-03
5.271218e-03
5.250732e-03
5.229925e-03
5.209474e-03
5.189368e-03
5.168965e-03
5.148287e-03
5.128576e-03
5.107990e-03
5.088351e-03
5.068456e-03
5.048327e-03
5.028543e-03
5.008541e-03
4.988883e-03
4.969556e-03
4.950029e-03
4.930318e-03
4.910945e-03
4.891403e-03
4.872195e-03
4.852833e-03
4.833801e-03
4.814626e-03
4.795779e-03
4.776800e-03
4.757705e-03
4.738937e-03
4.720063e-03
4.701511e-03
4.682862e-03
4.664126e-03
4.645713e-03
4.627222e-03
4.608663e-03
4.590424e-03
4.572124e-03
4.553774e-03
4.535739e-03
4.517660e-03
4.499544e-03
4.481739e-03
4.463903e-03
4.446044e-03
4.428169e-03
4.410601e-03
4.393021e-03
4.375436e-03
4.357851e-03
4.340569e-03
4.323000e-03
4.305736e-03
4.288486e-03
4.271257e-03
4.254324e-03
4.237146e-03
4.220265e-03
4.203157e-03
4.186347e-03
4.169576e-03
4.152848e-03
4.135928e-03
4.119303e-03
4.102732e-03
4.086218e-03
4.069766e-03
4.053376e-03
4.037054e-03
4.020799e-03
4.004617e-03
3.988507e-03
3.972474e-03
3.956320e-03
3.940446e-03
3.924463e-03
3.908569e-03
3.892765e-03
3.877053e-03
3.861434e-03
3.845733e-03
3.830133e-03
3.814634e-03
3.799237e-03
3.783779e-03
3.768429e-03
3.753187e-03
3.737898e-03
3.722723e-03
3.707662e-03
3.692567e-03
3.677589e-03
3.662729e-03
3.647847e-03
3.632948e-03
3.618175e-03
3.603525e-03
3.588869e-03
3.574212e-03
3.559684e-03
3.545162e-03
3.530771e-03
3.516391e-03
3.502028e-03
3.487799e-03
3.473479e-03
3.459408e-03
3.445255e-03
3.431133e-03
3.417153e-03
3.403210e-03
3.389305e-03
3.375444e-03
3.361725e-03
3.347955e-03
3.334237e-03
3.320664e-03
3.307054e-03
3.293501e-03
3.280008e-03
3.266578e-03
3.253212e-03
3.239911e-03
3.226677e-03
3.213432e-03
3.200259e-03
3.187160e-03
3.174060e-03
3.161039e-03
3.148098e-03
3.135164e-03
3.122313e-03
3.109477e-03
3.096728e-03
3.083998e-03
3.071358e-03
3.058742e-03
3.046155e-03
3.033662e-03
3.021139e-03
3.008715e-03
2.996389e-03
2.984042e-03
2.971739e-03
2.959539e-03
2.947384e-03
2.935224e-03
2.923169e-03
2.911114e-03
2.899114e-03
2.887172e-03
2.875290e-03
2.863418e-03
2.851610e-03
2.839867e-03
2.828143e-03
2.816488e-03
2.804902e-03
2.793297e-03
2.781810e-03
2.770311e-03
2.758887e-03
2.747500e-03
2.736150e-03
2.724841e-03
2.713614e-03
2.702392e-03
2.691216e-03
2.680089e-03
2.669012e-03
2.657986e-03
2.647014e-03
2.636063e-03
2.625168e-03
2.614299e-03
2.603490e-03
2.592711e-03
2.581995e-03
2.571313e-03
2.560666e-03
2.550088e-03
2.539519e-03
2.528992e-03
2.518537e-03
2.508098e-03
2.497707e-03
2.487365e-03
2.477073e-03
2.466806e-03
2.456567e-03
2.446384e-03
2.436257e-03
2.426164e-03
2.416107e-03
2.406086e-03
2.396105e-03
2.386166e-03
2.376269e-03
2.366416e-03
2.356588e-03
2.346808e-03
2.337077e-03
2.327376e-03
2.317707e-03
2.308092e-03
2.298513e-03
2.288971e-03
2.279450e-03
2.269988e-03
2.260568e-03
2.251175e-03
2.241827e-03
2.232509e-03
2.223239e-03
2.214003e-03
2.204801e-03
2.195636e-03
2.186510e-03
2.177408e-03
2.168363e-03
2.159346e-03
2.150373e-03
2.141432e-03
2.132524e-03
2.123650e-03
2.114813e-03
2.106027e-03
2.097267e-03
2.088536e-03
2.079846e-03
2.071188e-03
2.062574e-03
2.053995e-03
2.045440e-03
2.036922e-03
2.028443e-03
2.020004e-03
2.011596e-03
2.003220e-03
1.994877e-03
1.986570e-03
1.978298e-03
1.970055e-03
1.961851e-03
1.953678e-03
1.945547e-03
1.937440e-03
1.929369e-03
1.921334e-03
1.913328e-03
1.905352e-03
1.897417e-03
1.889507e-03
1.881632e-03
1.873792e-03
1.865982e-03
1.858203e-03
1.850456e-03
1.842743e-03
1.835064e-03
1.827415e-03
1.819795e-03
1.812207e-03
1.804652e-03
1.797124e-03
1.789632e-03
1.782169e-03
1.774738e-03
1.767334e-03
1.759963e-03
1.752622e-03
1.745317e-03
1.738032e-03
1.730785e-03
1.723567e-03
1.716373e-03
1.709216e-03
1.702085e-03
1.694983e-03
1.687910e-03
1.680867e-03
1.673856e-03
1.666869e-03
1.659915e-03
1.652988e-03
1.646092e-03
1.639220e-03
1.632381e-03
1.625569e-03
1.618784e-03
1.612028e-03
1.605298e-03
1.598598e-03
1.591927e-03
1.585281e-03
1.578665e-03
1.572076e-03
1.565513e-03
1.558979e-03
1.552469e-03
1.545988e-03
1.539536e-03
1.533108e-03
1.526708e-03
1.520334e-03
1.513988e-03
1.507666e-03
1.501371e-03
1.495103e-03
1.488860e-03
1.482644e-03
1.476453e-03
1.470290e-03
1.464151e-03
1.458037e-03
1.451949e-03
1.445885e-03
1.439847e-03
1.433836e-03
1.427848e-03
1.421888e-03
1.415950e-03
1.410035e-03
1.404148e-03
1.398286e-03
1.392445e-03
1.386632e-03
1.380841e-03
1.375075e-03
1.369333e-03
1.363616e-03
1.357920e-03
1.352251e-03
1.346604e-03
1.340980e-03
1.335380e-03
1.329804e-03
1.324251e-03
1.318721e-03
1.313215e-03
1.307732e-03
1.302269e-03
1.296832e-03
1.291416e-03
1.286024e-03
1.280654e-03
1.275306e-03
1.269981e-03
1.264678e-03
1.259398e-03
1.254139e-03
1.248903e-03
1.243687e-03
1.238494e-03
1.233323e-03
1.228173e-03
1.223045e-03
1.217939e-03
1.212854e-03
1.207790e-03
1.202748e-03
1.197726e-03
1.192725e-03
1.187746e-03
1.182788e-03
1.177849e-03
1.172932e-03
1.168035e-03
1.163159e-03
1.158303e-03
1.153468e-03
1.148653e-03
1.143859e-03
1.139083e-03
1.134328e-03
1.129594e-03
1.124879e-03
1.120184e-03
1.115508e-03
1.110853e-03
1.106216e-03
1.101599e-03
1.097002e-03
1.092424e-03
1.087865e-03
1.083325e-03
1.078804e-03
1.074302e-03
1.069819e-03
1.065355e-03
1.060909e-03
1.056483e-03
1.052074e-03
1.047685e-03
1.043314e-03
1.038960e-03
1.034626e-03
1.030310e-03
1.026011e-03
1.021731e-03
1.017469e-03
1.013224e-03
1.008998e-03
1.004789e-03
1.000598e-03
9.964247e-04
9.922683e-04
9.881301e-04
9.840087e-04
9.799048e-04
9.758183e-04
9.717492e-04
9.676970e-04
9.636617e-04
9.596433e-04
9.556419e-04
9.516574e-04
9.476895e-04
9.437382e-04
9.398037e-04
9.358859e-04
9.319841e-04
9.280992e-04
9.242301e-04
9.203777e-04
9.165414e-04
9.127211e-04
9.089168e-04
9.051288e-04
9.013564e-04
8.976002e-04
8.938595e-04
8.901346e-04
8.864255e-04
8.827320e-04
8.790539e-04
8.753914e-04
8.717442e-04
8.681123e-04
8.644957e-04
8.608943e-04
8.573081e-04
8.537370e-04
8.501808e-04
8.466397e-04
