1
2
3
4
5
6
7
8
9
10
11
12
13
14
15
16
17
18
19
20
21
22
23
24
25
26
27
28
29
30
31
32
33
34
35
36
37
38
39
40
41
42
43
44
45
46
47
48
49
50
51
52
53
54
55
56
57
58
59
60
61
62
63
64
65
66
67
68
69
70
71
72
73
74
75
76
77
78
79
80
81
82
83
84
85
86
87
88
89
90
91
92
93
94
95
96
97
98
99
100
101
102
103
104
105
106
107
108
109
110
111
112
113
114
115
116
117
118
119
120
121
122
123
124
125
126
127
128
129
130
131
132
133
134
135
136
137
138
139
140
141
142
143
144
145
146
147
148
149
150
151
152
153
154
155
157
158
159
160
161
162
163
164
165
167
168
169
170
171
172
174
175
176
177
179
180
181
182
184
185
186
187
189
190
191
193
194
195
197
198
199
201
202
204
205
207
208
209
211
212
214
215
217
218
220
221
223
224
226
228
229
231
232
234
236
237
239
240
242
244
246
247
249
251
252
254
256
258
260
261
263
265
267
269
271
272
274
276
278
280
282
284
286
288
290
292
294
296
298
300
302
304
306
309
311
313
315
317
319
322
324
326
328
331
333
335
338
340
342
345
347
349
352
354
357
359
362
364
367
369
372
374
377
380
382
385
388
390
393
396
399
401
404
407
410
413
415
418
421
424
427
430
433
436
439
442
445
448
451
454
458
461
464
467
470
474
477
480
484
487
490
494
497
501
504
508
511
515
518
522
526
529
533
537
540
544
548
552
555
559
563
567
571
575
579
583
587
591
595
599
603
608
612
616
620
625
629
633
638
642
647
651
656
660
665
669
674
679
683
688
693
698
703
707
712
717
722
727
732
737
743
748
753
758
763
769
774
779
785
790
796
801
807
812
818
824
829
835
841
847
853
859
864
870
877
883
889
895
901
907
914
920
926
933
939
946
952
959
966
972
979
986
993
